22:45:27.644 DevTools failed to load SourceMap: Could not load content for chrome-extension://njgcanhfjdabfmnlmpmdedalocpafnhl/js/libs/pixi.js.map: System error: net::ERR_FILE_NOT_FOUND
22:45:42.582 anarchon42069_MoreBattleAnimations.js:47 Displaying animation on enemy: Gacy
22:45:42.583 anarchon42069_MoreBattleAnimations.js:114 Invalid animation data for enemy: Gacy
displayAnimationOnEnemy @ anarchon42069_MoreBattleAnimations.js:114
displayAnimationOnTarget @ anarchon42069_MoreBattleAnimations.js:48
BattleManager.invokeAction @ anarchon42069_MoreBattleAnimations.js:38
BattleManager.updateAction @ rmmz_managers.js:2758
BattleManager.updatePhase @ rmmz_managers.js:2358
BattleManager.update @ rmmz_managers.js:2342
Scene_Battle.updateBattleProcess @ rmmz_scenes.js:3090
Scene_Battle.update @ rmmz_scenes.js:3077
SceneManager.updateScene @ rmmz_managers.js:2103
SceneManager.updateMain @ rmmz_managers.js:2063
SceneManager.update @ rmmz_managers.js:1942
Graphics._onTick @ rmmz_core.js:811
TickerListener.emit @ pixi.js:9093
Ticker.update @ pixi.js:9548
Ticker._tick @ pixi.js:9298
requestAnimationFrame (async)
Ticker._tick @ pixi.js:9301
requestAnimationFrame (async)
Ticker._tick @ pixi.js:9301
requestAnimationFrame (async)
Ticker._tick @ pixi.js:9301
requestAnimationFrame (async)
Ticker._tick @ pixi.js:9301
requestAnimationFrame (async)
Ticker._tick @ pixi.js:9301
requestAnimationFrame (async)
Ticker._tick @ pixi.js:9301
requestAnimationFrame (async)
Ticker._tick @ pixi.js:9301
requestAnimationFrame (async)
Ticker._tick @ pixi.js:9301
requestAnimationFrame (async)
Ticker._tick @ pixi.js:9301
requestAnimationFrame (async)
Ticker._tick @ pixi.js:9301
requestAnimationFrame (async)
Ticker._tick @ pixi.js:9301
requestAnimationFrame (async)
Ticker._tick @ pixi.js:9301
requestAnimationFrame (async)
Ticker._tick @ pixi.js:9301
requestAnimationFrame (async)
Ticker._tick @ pixi.js:9301
requestAnimationFrame (async)
Ticker._tick @ pixi.js:9301
requestAnimationFrame (async)
Ticker._tick @ pixi.js:9301
requestAnimationFrame (async)
Ticker._tick @ pixi.js:9301
requestAnimationFrame (async)
Ticker._tick @ pixi.js:9301
requestAnimationFrame (async)
Ticker._tick @ pixi.js:9301
requestAnimationFrame (async)
Ticker._tick @ pixi.js:9301
requestAnimationFrame (async)
Ticker._tick @ pixi.js:9301
requestAnimationFrame (async)
Ticker._tick @ pixi.js:9301
requestAnimationFrame (async)
Ticker._tick @ pixi.js:9301
requestAnimationFrame (async)
Ticker._tick @ pixi.js:9301
requestAnimationFrame (async)
Ticker._tick @ pixi.js:9301
requestAnimationFrame (async)
Ticker._tick @ pixi.js:9301
requestAnimationFrame (async)
Ticker._tick @ pixi.js:9301
requestAnimationFrame (async)
Ticker._tick @ pixi.js:9301
requestAnimationFrame (async)
Ticker._tick @ pixi.js:9301
requestAnimationFrame (async)
Ticker._tick @ pixi.js:9301
requestAnimationFrame (async)
Ticker._tick @ pixi.js:9301
requestAnimationFrame (async)
Ticker._tick @ pixi.js:9301
22:45:45.716 anarchon42069_MoreBattleAnimations.js:44 Displaying animation on actor: Tairy Greene
22:45:45.717 anarchon42069_MoreBattleAnimations.js:135 Status window or face sprites not found.
getFaceSprite @ anarchon42069_MoreBattleAnimations.js:135
displayAnimationOnFace @ anarchon42069_MoreBattleAnimations.js:54
displayAnimationOnTarget @ anarchon42069_MoreBattleAnimations.js:45
BattleManager.invokeAction @ anarchon42069_MoreBattleAnimations.js:38
BattleManager.updateAction @ rmmz_managers.js:2758
BattleManager.updatePhase @ rmmz_managers.js:2358
BattleManager.update @ rmmz_managers.js:2342
Scene_Battle.updateBattleProcess @ rmmz_scenes.js:3090
Scene_Battle.update @ rmmz_scenes.js:3077
SceneManager.updateScene @ rmmz_managers.js:2103
SceneManager.updateMain @ rmmz_managers.js:2063
SceneManager.update @ rmmz_managers.js:1942
Graphics._onTick @ rmmz_core.js:811
TickerListener.emit @ pixi.js:9093
Ticker.update @ pixi.js:9548
Ticker._tick @ pixi.js:9298
requestAnimationFrame (async)
Ticker._tick @ pixi.js:9301
requestAnimationFrame (async)
Ticker._tick @ pixi.js:9301
requestAnimationFrame (async)
Ticker._tick @ pixi.js:9301
requestAnimationFrame (async)
Ticker._tick @ pixi.js:9301
requestAnimationFrame (async)
Ticker._tick @ pixi.js:9301
requestAnimationFrame (async)
Ticker._tick @ pixi.js:9301
requestAnimationFrame (async)
Ticker._tick @ pixi.js:9301
requestAnimationFrame (async)
Ticker._tick @ pixi.js:9301
requestAnimationFrame (async)
Ticker._tick @ pixi.js:9301
requestAnimationFrame (async)
Ticker._tick @ pixi.js:9301
requestAnimationFrame (async)
Ticker._tick @ pixi.js:9301
requestAnimationFrame (async)
Ticker._tick @ pixi.js:9301
requestAnimationFrame (async)
Ticker._tick @ pixi.js:9301
requestAnimationFrame (async)
Ticker._tick @ pixi.js:9301
requestAnimationFrame (async)
Ticker._tick @ pixi.js:9301
requestAnimationFrame (async)
Ticker._tick @ pixi.js:9301
requestAnimationFrame (async)
Ticker._tick @ pixi.js:9301
requestAnimationFrame (async)
Ticker._tick @ pixi.js:9301
requestAnimationFrame (async)
Ticker._tick @ pixi.js:9301
requestAnimationFrame (async)
Ticker._tick @ pixi.js:9301
requestAnimationFrame (async)
Ticker._tick @ pixi.js:9301
requestAnimationFrame (async)
Ticker._tick @ pixi.js:9301
requestAnimationFrame (async)
Ticker._tick @ pixi.js:9301
requestAnimationFrame (async)
Ticker._tick @ pixi.js:9301
requestAnimationFrame (async)
Ticker._tick @ pixi.js:9301
requestAnimationFrame (async)
Ticker._tick @ pixi.js:9301
requestAnimationFrame (async)
Ticker._tick @ pixi.js:9301
requestAnimationFrame (async)
Ticker._tick @ pixi.js:9301
requestAnimationFrame (async)
Ticker._tick @ pixi.js:9301
requestAnimationFrame (async)
Ticker._tick @ pixi.js:9301
requestAnimationFrame (async)
Ticker._tick @ pixi.js:9301
requestAnimationFrame (async)
Ticker._tick @ pixi.js:9301
22:45:45.720 anarchon42069_MoreBattleAnimations.js:79 Missing face sprite or animation data for actor: Tairy Greene
displayAnimationOnFace @ anarchon42069_MoreBattleAnimations.js:79
displayAnimationOnTarget @ anarchon42069_MoreBattleAnimations.js:45
BattleManager.invokeAction @ anarchon42069_MoreBattleAnimations.js:38
BattleManager.updateAction @ rmmz_managers.js:2758
BattleManager.updatePhase @ rmmz_managers.js:2358
BattleManager.update @ rmmz_managers.js:2342
Scene_Battle.updateBattleProcess @ rmmz_scenes.js:3090
Scene_Battle.update @ rmmz_scenes.js:3077
SceneManager.updateScene @ rmmz_managers.js:2103
SceneManager.updateMain @ rmmz_managers.js:2063
SceneManager.update @ rmmz_managers.js:1942
Graphics._onTick @ rmmz_core.js:811
TickerListener.emit @ pixi.js:9093
Ticker.update @ pixi.js:9548
Ticker._tick @ pixi.js:9298
requestAnimationFrame (async)
Ticker._tick @ pixi.js:9301
requestAnimationFrame (async)
Ticker._tick @ pixi.js:9301
requestAnimationFrame (async)
Ticker._tick @ pixi.js:9301
requestAnimationFrame (async)
Ticker._tick @ pixi.js:9301
requestAnimationFrame (async)
Ticker._tick @ pixi.js:9301
requestAnimationFrame (async)
Ticker._tick @ pixi.js:9301
requestAnimationFrame (async)
Ticker._tick @ pixi.js:9301
requestAnimationFrame (async)
Ticker._tick @ pixi.js:9301
requestAnimationFrame (async)
Ticker._tick @ pixi.js:9301
requestAnimationFrame (async)
Ticker._tick @ pixi.js:9301
requestAnimationFrame (async)
Ticker._tick @ pixi.js:9301
requestAnimationFrame (async)
Ticker._tick @ pixi.js:9301
requestAnimationFrame (async)
Ticker._tick @ pixi.js:9301
requestAnimationFrame (async)
Ticker._tick @ pixi.js:9301
requestAnimationFrame (async)
Ticker._tick @ pixi.js:9301
requestAnimationFrame (async)
Ticker._tick @ pixi.js:9301
requestAnimationFrame (async)
Ticker._tick @ pixi.js:9301
requestAnimationFrame (async)
Ticker._tick @ pixi.js:9301
requestAnimationFrame (async)
Ticker._tick @ pixi.js:9301
requestAnimationFrame (async)
Ticker._tick @ pixi.js:9301
requestAnimationFrame (async)
Ticker._tick @ pixi.js:9301
requestAnimationFrame (async)
Ticker._tick @ pixi.js:9301
requestAnimationFrame (async)
Ticker._tick @ pixi.js:9301
requestAnimationFrame (async)
Ticker._tick @ pixi.js:9301
requestAnimationFrame (async)
Ticker._tick @ pixi.js:9301
requestAnimationFrame (async)
Ticker._tick @ pixi.js:9301
requestAnimationFrame (async)
Ticker._tick @ pixi.js:9301
requestAnimationFrame (async)
Ticker._tick @ pixi.js:9301
requestAnimationFrame (async)
Ticker._tick @ pixi.js:9301
requestAnimationFrame (async)
Ticker._tick @ pixi.js:9301
requestAnimationFrame (async)
Ticker._tick @ pixi.js:9301
requestAnimationFrame (async)
Ticker._tick @ pixi.js:9301
22:45:45.724 anarchon42069_MoreBattleAnimations.js:83 Retrying to find face sprite... Attempt: 1
displayAnimationOnFace @ anarchon42069_MoreBattleAnimations.js:83
displayAnimationOnTarget @ anarchon42069_MoreBattleAnimations.js:45
BattleManager.invokeAction @ anarchon42069_MoreBattleAnimations.js:38
BattleManager.updateAction @ rmmz_managers.js:2758
BattleManager.updatePhase @ rmmz_managers.js:2358
BattleManager.update @ rmmz_managers.js:2342
Scene_Battle.updateBattleProcess @ rmmz_scenes.js:3090
Scene_Battle.update @ rmmz_scenes.js:3077
SceneManager.updateScene @ rmmz_managers.js:2103
SceneManager.updateMain @ rmmz_managers.js:2063
SceneManager.update @ rmmz_managers.js:1942
Graphics._onTick @ rmmz_core.js:811
TickerListener.emit @ pixi.js:9093
Ticker.update @ pixi.js:9548
Ticker._tick @ pixi.js:9298
requestAnimationFrame (async)
Ticker._tick @ pixi.js:9301
requestAnimationFrame (async)
Ticker._tick @ pixi.js:9301
requestAnimationFrame (async)
Ticker._tick @ pixi.js:9301
requestAnimationFrame (async)
Ticker._tick @ pixi.js:9301
requestAnimationFrame (async)
Ticker._tick @ pixi.js:9301
requestAnimationFrame (async)
Ticker._tick @ pixi.js:9301
requestAnimationFrame (async)
Ticker._tick @ pixi.js:9301
requestAnimationFrame (async)
Ticker._tick @ pixi.js:9301
requestAnimationFrame (async)
Ticker._tick @ pixi.js:9301
requestAnimationFrame (async)
Ticker._tick @ pixi.js:9301
requestAnimationFrame (async)
Ticker._tick @ pixi.js:9301
requestAnimationFrame (async)
Ticker._tick @ pixi.js:9301
requestAnimationFrame (async)
Ticker._tick @ pixi.js:9301
requestAnimationFrame (async)
Ticker._tick @ pixi.js:9301
requestAnimationFrame (async)
Ticker._tick @ pixi.js:9301
requestAnimationFrame (async)
Ticker._tick @ pixi.js:9301
requestAnimationFrame (async)
Ticker._tick @ pixi.js:9301
requestAnimationFrame (async)
Ticker._tick @ pixi.js:9301
requestAnimationFrame (async)
Ticker._tick @ pixi.js:9301
requestAnimationFrame (async)
Ticker._tick @ pixi.js:9301
requestAnimationFrame (async)
Ticker._tick @ pixi.js:9301
requestAnimationFrame (async)
Ticker._tick @ pixi.js:9301
requestAnimationFrame (async)
Ticker._tick @ pixi.js:9301
requestAnimationFrame (async)
Ticker._tick @ pixi.js:9301
requestAnimationFrame (async)
Ticker._tick @ pixi.js:9301
requestAnimationFrame (async)
Ticker._tick @ pixi.js:9301
requestAnimationFrame (async)
Ticker._tick @ pixi.js:9301
requestAnimationFrame (async)
Ticker._tick @ pixi.js:9301
requestAnimationFrame (async)
Ticker._tick @ pixi.js:9301
requestAnimationFrame (async)
Ticker._tick @ pixi.js:9301
requestAnimationFrame (async)
Ticker._tick @ pixi.js:9301
requestAnimationFrame (async)
Ticker._tick @ pixi.js:9301
22:45:45.930 anarchon42069_MoreBattleAnimations.js:135 Status window or face sprites not found.
getFaceSprite @ anarchon42069_MoreBattleAnimations.js:135
displayAnimationOnFace @ anarchon42069_MoreBattleAnimations.js:54
(anonymous) @ anarchon42069_MoreBattleAnimations.js:86
setTimeout (async)
displayAnimationOnFace @ anarchon42069_MoreBattleAnimations.js:85
displayAnimationOnTarget @ anarchon42069_MoreBattleAnimations.js:45
BattleManager.invokeAction @ anarchon42069_MoreBattleAnimations.js:38
BattleManager.updateAction @ rmmz_managers.js:2758
BattleManager.updatePhase @ rmmz_managers.js:2358
BattleManager.update @ rmmz_managers.js:2342
Scene_Battle.updateBattleProcess @ rmmz_scenes.js:3090
Scene_Battle.update @ rmmz_scenes.js:3077
SceneManager.updateScene @ rmmz_managers.js:2103
SceneManager.updateMain @ rmmz_managers.js:2063
SceneManager.update @ rmmz_managers.js:1942
Graphics._onTick @ rmmz_core.js:811
TickerListener.emit @ pixi.js:9093
Ticker.update @ pixi.js:9548
Ticker._tick @ pixi.js:9298
requestAnimationFrame (async)
Ticker._tick @ pixi.js:9301
requestAnimationFrame (async)
Ticker._tick @ pixi.js:9301
requestAnimationFrame (async)
Ticker._tick @ pixi.js:9301
requestAnimationFrame (async)
Ticker._tick @ pixi.js:9301
requestAnimationFrame (async)
Ticker._tick @ pixi.js:9301
requestAnimationFrame (async)
Ticker._tick @ pixi.js:9301
requestAnimationFrame (async)
Ticker._tick @ pixi.js:9301
requestAnimationFrame (async)
Ticker._tick @ pixi.js:9301
requestAnimationFrame (async)
Ticker._tick @ pixi.js:9301
requestAnimationFrame (async)
Ticker._tick @ pixi.js:9301
requestAnimationFrame (async)
Ticker._tick @ pixi.js:9301
requestAnimationFrame (async)
Ticker._tick @ pixi.js:9301
requestAnimationFrame (async)
Ticker._tick @ pixi.js:9301
requestAnimationFrame (async)
Ticker._tick @ pixi.js:9301
requestAnimationFrame (async)
Ticker._tick @ pixi.js:9301
requestAnimationFrame (async)
Ticker._tick @ pixi.js:9301
requestAnimationFrame (async)
Ticker._tick @ pixi.js:9301
requestAnimationFrame (async)
Ticker._tick @ pixi.js:9301
requestAnimationFrame (async)
Ticker._tick @ pixi.js:9301
requestAnimationFrame (async)
Ticker._tick @ pixi.js:9301
requestAnimationFrame (async)
Ticker._tick @ pixi.js:9301
requestAnimationFrame (async)
Ticker._tick @ pixi.js:9301
requestAnimationFrame (async)
Ticker._tick @ pixi.js:9301
requestAnimationFrame (async)
Ticker._tick @ pixi.js:9301
requestAnimationFrame (async)
Ticker._tick @ pixi.js:9301
requestAnimationFrame (async)
Ticker._tick @ pixi.js:9301
requestAnimationFrame (async)
Ticker._tick @ pixi.js:9301
requestAnimationFrame (async)
Ticker._tick @ pixi.js:9301
requestAnimationFrame (async)
Ticker._tick @ pixi.js:9301
requestAnimationFrame (async)
Ticker._tick @ pixi.js:9301
requestAnimationFrame (async)
Ticker._tick @ pixi.js:9301
22:45:45.933 anarchon42069_MoreBattleAnimations.js:79 Missing face sprite or animation data for actor: Tairy Greene
displayAnimationOnFace @ anarchon42069_MoreBattleAnimations.js:79
(anonymous) @ anarchon42069_MoreBattleAnimations.js:86
setTimeout (async)
displayAnimationOnFace @ anarchon42069_MoreBattleAnimations.js:85
displayAnimationOnTarget @ anarchon42069_MoreBattleAnimations.js:45
BattleManager.invokeAction @ anarchon42069_MoreBattleAnimations.js:38
BattleManager.updateAction @ rmmz_managers.js:2758
BattleManager.updatePhase @ rmmz_managers.js:2358
BattleManager.update @ rmmz_managers.js:2342
Scene_Battle.updateBattleProcess @ rmmz_scenes.js:3090
Scene_Battle.update @ rmmz_scenes.js:3077
SceneManager.updateScene @ rmmz_managers.js:2103
SceneManager.updateMain @ rmmz_managers.js:2063
SceneManager.update @ rmmz_managers.js:1942
Graphics._onTick @ rmmz_core.js:811
TickerListener.emit @ pixi.js:9093
Ticker.update @ pixi.js:9548
Ticker._tick @ pixi.js:9298
requestAnimationFrame (async)
Ticker._tick @ pixi.js:9301
requestAnimationFrame (async)
Ticker._tick @ pixi.js:9301
requestAnimationFrame (async)
Ticker._tick @ pixi.js:9301
requestAnimationFrame (async)
Ticker._tick @ pixi.js:9301
requestAnimationFrame (async)
Ticker._tick @ pixi.js:9301
requestAnimationFrame (async)
Ticker._tick @ pixi.js:9301
requestAnimationFrame (async)
Ticker._tick @ pixi.js:9301
requestAnimationFrame (async)
Ticker._tick @ pixi.js:9301
requestAnimationFrame (async)
Ticker._tick @ pixi.js:9301
requestAnimationFrame (async)
Ticker._tick @ pixi.js:9301
requestAnimationFrame (async)
Ticker._tick @ pixi.js:9301
requestAnimationFrame (async)
Ticker._tick @ pixi.js:9301
requestAnimationFrame (async)
Ticker._tick @ pixi.js:9301
requestAnimationFrame (async)
Ticker._tick @ pixi.js:9301
requestAnimationFrame (async)
Ticker._tick @ pixi.js:9301
requestAnimationFrame (async)
Ticker._tick @ pixi.js:9301
requestAnimationFrame (async)
Ticker._tick @ pixi.js:9301
requestAnimationFrame (async)
Ticker._tick @ pixi.js:9301
requestAnimationFrame (async)
Ticker._tick @ pixi.js:9301
requestAnimationFrame (async)
Ticker._tick @ pixi.js:9301
requestAnimationFrame (async)
Ticker._tick @ pixi.js:9301
requestAnimationFrame (async)
Ticker._tick @ pixi.js:9301
requestAnimationFrame (async)
Ticker._tick @ pixi.js:9301
requestAnimationFrame (async)
Ticker._tick @ pixi.js:9301
requestAnimationFrame (async)
Ticker._tick @ pixi.js:9301
requestAnimationFrame (async)
Ticker._tick @ pixi.js:9301
requestAnimationFrame (async)
Ticker._tick @ pixi.js:9301
requestAnimationFrame (async)
Ticker._tick @ pixi.js:9301
requestAnimationFrame (async)
Ticker._tick @ pixi.js:9301
requestAnimationFrame (async)
Ticker._tick @ pixi.js:9301
requestAnimationFrame (async)
Ticker._tick @ pixi.js:9301
22:45:45.934 anarchon42069_MoreBattleAnimations.js:83 Retrying to find face sprite... Attempt: 2
displayAnimationOnFace @ anarchon42069_MoreBattleAnimations.js:83
(anonymous) @ anarchon42069_MoreBattleAnimations.js:86
setTimeout (async)
displayAnimationOnFace @ anarchon42069_MoreBattleAnimations.js:85
displayAnimationOnTarget @ anarchon42069_MoreBattleAnimations.js:45
BattleManager.invokeAction @ anarchon42069_MoreBattleAnimations.js:38
BattleManager.updateAction @ rmmz_managers.js:2758
BattleManager.updatePhase @ rmmz_managers.js:2358
BattleManager.update @ rmmz_managers.js:2342
Scene_Battle.updateBattleProcess @ rmmz_scenes.js:3090
Scene_Battle.update @ rmmz_scenes.js:3077
SceneManager.updateScene @ rmmz_managers.js:2103
SceneManager.updateMain @ rmmz_managers.js:2063
SceneManager.update @ rmmz_managers.js:1942
Graphics._onTick @ rmmz_core.js:811
TickerListener.emit @ pixi.js:9093
Ticker.update @ pixi.js:9548
Ticker._tick @ pixi.js:9298
requestAnimationFrame (async)
Ticker._tick @ pixi.js:9301
requestAnimationFrame (async)
Ticker._tick @ pixi.js:9301
requestAnimationFrame (async)
Ticker._tick @ pixi.js:9301
requestAnimationFrame (async)
Ticker._tick @ pixi.js:9301
requestAnimationFrame (async)
Ticker._tick @ pixi.js:9301
requestAnimationFrame (async)
Ticker._tick @ pixi.js:9301
requestAnimationFrame (async)
Ticker._tick @ pixi.js:9301
requestAnimationFrame (async)
Ticker._tick @ pixi.js:9301
requestAnimationFrame (async)
Ticker._tick @ pixi.js:9301
requestAnimationFrame (async)
Ticker._tick @ pixi.js:9301
requestAnimationFrame (async)
Ticker._tick @ pixi.js:9301
requestAnimationFrame (async)
Ticker._tick @ pixi.js:9301
requestAnimationFrame (async)
Ticker._tick @ pixi.js:9301
requestAnimationFrame (async)
Ticker._tick @ pixi.js:9301
requestAnimationFrame (async)
Ticker._tick @ pixi.js:9301
requestAnimationFrame (async)
Ticker._tick @ pixi.js:9301
requestAnimationFrame (async)
Ticker._tick @ pixi.js:9301
requestAnimationFrame (async)
Ticker._tick @ pixi.js:9301
requestAnimationFrame (async)
Ticker._tick @ pixi.js:9301
requestAnimationFrame (async)
Ticker._tick @ pixi.js:9301
requestAnimationFrame (async)
Ticker._tick @ pixi.js:9301
requestAnimationFrame (async)
Ticker._tick @ pixi.js:9301
requestAnimationFrame (async)
Ticker._tick @ pixi.js:9301
requestAnimationFrame (async)
Ticker._tick @ pixi.js:9301
requestAnimationFrame (async)
Ticker._tick @ pixi.js:9301
requestAnimationFrame (async)
Ticker._tick @ pixi.js:9301
requestAnimationFrame (async)
Ticker._tick @ pixi.js:9301
requestAnimationFrame (async)
Ticker._tick @ pixi.js:9301
requestAnimationFrame (async)
Ticker._tick @ pixi.js:9301
requestAnimationFrame (async)
Ticker._tick @ pixi.js:9301
requestAnimationFrame (async)
Ticker._tick @ pixi.js:9301
22:45:46.135 anarchon42069_MoreBattleAnimations.js:135 Status window or face sprites not found.
getFaceSprite @ anarchon42069_MoreBattleAnimations.js:135
displayAnimationOnFace @ anarchon42069_MoreBattleAnimations.js:54
(anonymous) @ anarchon42069_MoreBattleAnimations.js:86
setTimeout (async)
displayAnimationOnFace @ anarchon42069_MoreBattleAnimations.js:85
(anonymous) @ anarchon42069_MoreBattleAnimations.js:86
setTimeout (async)
displayAnimationOnFace @ anarchon42069_MoreBattleAnimations.js:85
displayAnimationOnTarget @ anarchon42069_MoreBattleAnimations.js:45
BattleManager.invokeAction @ anarchon42069_MoreBattleAnimations.js:38
BattleManager.updateAction @ rmmz_managers.js:2758
BattleManager.updatePhase @ rmmz_managers.js:2358
BattleManager.update @ rmmz_managers.js:2342
Scene_Battle.updateBattleProcess @ rmmz_scenes.js:3090
Scene_Battle.update @ rmmz_scenes.js:3077
SceneManager.updateScene @ rmmz_managers.js:2103
SceneManager.updateMain @ rmmz_managers.js:2063
SceneManager.update @ rmmz_managers.js:1942
Graphics._onTick @ rmmz_core.js:811
TickerListener.emit @ pixi.js:9093
Ticker.update @ pixi.js:9548
Ticker._tick @ pixi.js:9298
requestAnimationFrame (async)
Ticker._tick @ pixi.js:9301
requestAnimationFrame (async)
Ticker._tick @ pixi.js:9301
requestAnimationFrame (async)
Ticker._tick @ pixi.js:9301
requestAnimationFrame (async)
Ticker._tick @ pixi.js:9301
requestAnimationFrame (async)
Ticker._tick @ pixi.js:9301
requestAnimationFrame (async)
Ticker._tick @ pixi.js:9301
requestAnimationFrame (async)
Ticker._tick @ pixi.js:9301
requestAnimationFrame (async)
Ticker._tick @ pixi.js:9301
requestAnimationFrame (async)
Ticker._tick @ pixi.js:9301
requestAnimationFrame (async)
Ticker._tick @ pixi.js:9301
requestAnimationFrame (async)
Ticker._tick @ pixi.js:9301
requestAnimationFrame (async)
Ticker._tick @ pixi.js:9301
requestAnimationFrame (async)
Ticker._tick @ pixi.js:9301
requestAnimationFrame (async)
Ticker._tick @ pixi.js:9301
requestAnimationFrame (async)
Ticker._tick @ pixi.js:9301
requestAnimationFrame (async)
Ticker._tick @ pixi.js:9301
requestAnimationFrame (async)
Ticker._tick @ pixi.js:9301
requestAnimationFrame (async)
Ticker._tick @ pixi.js:9301
requestAnimationFrame (async)
Ticker._tick @ pixi.js:9301
requestAnimationFrame (async)
Ticker._tick @ pixi.js:9301
requestAnimationFrame (async)
Ticker._tick @ pixi.js:9301
requestAnimationFrame (async)
Ticker._tick @ pixi.js:9301
requestAnimationFrame (async)
Ticker._tick @ pixi.js:9301
requestAnimationFrame (async)
Ticker._tick @ pixi.js:9301
requestAnimationFrame (async)
Ticker._tick @ pixi.js:9301
requestAnimationFrame (async)
Ticker._tick @ pixi.js:9301
requestAnimationFrame (async)
Ticker._tick @ pixi.js:9301
requestAnimationFrame (async)
Ticker._tick @ pixi.js:9301
requestAnimationFrame (async)
Ticker._tick @ pixi.js:9301
requestAnimationFrame (async)
Ticker._tick @ pixi.js:9301
22:45:46.137 anarchon42069_MoreBattleAnimations.js:79 Missing face sprite or animation data for actor: Tairy Greene
displayAnimationOnFace @ anarchon42069_MoreBattleAnimations.js:79
(anonymous) @ anarchon42069_MoreBattleAnimations.js:86
setTimeout (async)
displayAnimationOnFace @ anarchon42069_MoreBattleAnimations.js:85
(anonymous) @ anarchon42069_MoreBattleAnimations.js:86
setTimeout (async)
displayAnimationOnFace @ anarchon42069_MoreBattleAnimations.js:85
displayAnimationOnTarget @ anarchon42069_MoreBattleAnimations.js:45
BattleManager.invokeAction @ anarchon42069_MoreBattleAnimations.js:38
BattleManager.updateAction @ rmmz_managers.js:2758
BattleManager.updatePhase @ rmmz_managers.js:2358
BattleManager.update @ rmmz_managers.js:2342
Scene_Battle.updateBattleProcess @ rmmz_scenes.js:3090
Scene_Battle.update @ rmmz_scenes.js:3077
SceneManager.updateScene @ rmmz_managers.js:2103
SceneManager.updateMain @ rmmz_managers.js:2063
SceneManager.update @ rmmz_managers.js:1942
Graphics._onTick @ rmmz_core.js:811
TickerListener.emit @ pixi.js:9093
Ticker.update @ pixi.js:9548
Ticker._tick @ pixi.js:9298
requestAnimationFrame (async)
Ticker._tick @ pixi.js:9301
requestAnimationFrame (async)
Ticker._tick @ pixi.js:9301
requestAnimationFrame (async)
Ticker._tick @ pixi.js:9301
requestAnimationFrame (async)
Ticker._tick @ pixi.js:9301
requestAnimationFrame (async)
Ticker._tick @ pixi.js:9301
requestAnimationFrame (async)
Ticker._tick @ pixi.js:9301
requestAnimationFrame (async)
Ticker._tick @ pixi.js:9301
requestAnimationFrame (async)
Ticker._tick @ pixi.js:9301
requestAnimationFrame (async)
Ticker._tick @ pixi.js:9301
requestAnimationFrame (async)
Ticker._tick @ pixi.js:9301
requestAnimationFrame (async)
Ticker._tick @ pixi.js:9301
requestAnimationFrame (async)
Ticker._tick @ pixi.js:9301
requestAnimationFrame (async)
Ticker._tick @ pixi.js:9301
requestAnimationFrame (async)
Ticker._tick @ pixi.js:9301
requestAnimationFrame (async)
Ticker._tick @ pixi.js:9301
requestAnimationFrame (async)
Ticker._tick @ pixi.js:9301
requestAnimationFrame (async)
Ticker._tick @ pixi.js:9301
requestAnimationFrame (async)
Ticker._tick @ pixi.js:9301
requestAnimationFrame (async)
Ticker._tick @ pixi.js:9301
requestAnimationFrame (async)
Ticker._tick @ pixi.js:9301
requestAnimationFrame (async)
Ticker._tick @ pixi.js:9301
requestAnimationFrame (async)
Ticker._tick @ pixi.js:9301
requestAnimationFrame (async)
Ticker._tick @ pixi.js:9301
requestAnimationFrame (async)
Ticker._tick @ pixi.js:9301
requestAnimationFrame (async)
Ticker._tick @ pixi.js:9301
requestAnimationFrame (async)
Ticker._tick @ pixi.js:9301
requestAnimationFrame (async)
Ticker._tick @ pixi.js:9301
requestAnimationFrame (async)
Ticker._tick @ pixi.js:9301
requestAnimationFrame (async)
Ticker._tick @ pixi.js:9301
requestAnimationFrame (async)
Ticker._tick @ pixi.js:9301
22:45:46.138 anarchon42069_MoreBattleAnimations.js:83 Retrying to find face sprite... Attempt: 3
displayAnimationOnFace @ anarchon42069_MoreBattleAnimations.js:83
(anonymous) @ anarchon42069_MoreBattleAnimations.js:86
setTimeout (async)
displayAnimationOnFace @ anarchon42069_MoreBattleAnimations.js:85
(anonymous) @ anarchon42069_MoreBattleAnimations.js:86
setTimeout (async)
displayAnimationOnFace @ anarchon42069_MoreBattleAnimations.js:85
displayAnimationOnTarget @ anarchon42069_MoreBattleAnimations.js:45
BattleManager.invokeAction @ anarchon42069_MoreBattleAnimations.js:38
BattleManager.updateAction @ rmmz_managers.js:2758
BattleManager.updatePhase @ rmmz_managers.js:2358
BattleManager.update @ rmmz_managers.js:2342
Scene_Battle.updateBattleProcess @ rmmz_scenes.js:3090
Scene_Battle.update @ rmmz_scenes.js:3077
SceneManager.updateScene @ rmmz_managers.js:2103
SceneManager.updateMain @ rmmz_managers.js:2063
SceneManager.update @ rmmz_managers.js:1942
Graphics._onTick @ rmmz_core.js:811
TickerListener.emit @ pixi.js:9093
Ticker.update @ pixi.js:9548
Ticker._tick @ pixi.js:9298
requestAnimationFrame (async)
Ticker._tick @ pixi.js:9301
requestAnimationFrame (async)
Ticker._tick @ pixi.js:9301
requestAnimationFrame (async)
Ticker._tick @ pixi.js:9301
requestAnimationFrame (async)
Ticker._tick @ pixi.js:9301
requestAnimationFrame (async)
Ticker._tick @ pixi.js:9301
requestAnimationFrame (async)
Ticker._tick @ pixi.js:9301
requestAnimationFrame (async)
Ticker._tick @ pixi.js:9301
requestAnimationFrame (async)
Ticker._tick @ pixi.js:9301
requestAnimationFrame (async)
Ticker._tick @ pixi.js:9301
requestAnimationFrame (async)
Ticker._tick @ pixi.js:9301
requestAnimationFrame (async)
Ticker._tick @ pixi.js:9301
requestAnimationFrame (async)
Ticker._tick @ pixi.js:9301
requestAnimationFrame (async)
Ticker._tick @ pixi.js:9301
requestAnimationFrame (async)
Ticker._tick @ pixi.js:9301
requestAnimationFrame (async)
Ticker._tick @ pixi.js:9301
requestAnimationFrame (async)
Ticker._tick @ pixi.js:9301
requestAnimationFrame (async)
Ticker._tick @ pixi.js:9301
requestAnimationFrame (async)
Ticker._tick @ pixi.js:9301
requestAnimationFrame (async)
Ticker._tick @ pixi.js:9301
requestAnimationFrame (async)
Ticker._tick @ pixi.js:9301
requestAnimationFrame (async)
Ticker._tick @ pixi.js:9301
requestAnimationFrame (async)
Ticker._tick @ pixi.js:9301
requestAnimationFrame (async)
Ticker._tick @ pixi.js:9301
requestAnimationFrame (async)
Ticker._tick @ pixi.js:9301
requestAnimationFrame (async)
Ticker._tick @ pixi.js:9301
requestAnimationFrame (async)
Ticker._tick @ pixi.js:9301
requestAnimationFrame (async)
Ticker._tick @ pixi.js:9301
requestAnimationFrame (async)
Ticker._tick @ pixi.js:9301
requestAnimationFrame (async)
Ticker._tick @ pixi.js:9301
requestAnimationFrame (async)
Ticker._tick @ pixi.js:9301
22:45:46.339 anarchon42069_MoreBattleAnimations.js:135 Status window or face sprites not found.
getFaceSprite @ anarchon42069_MoreBattleAnimations.js:135
displayAnimationOnFace @ anarchon42069_MoreBattleAnimations.js:54
(anonymous) @ anarchon42069_MoreBattleAnimations.js:86
setTimeout (async)
displayAnimationOnFace @ anarchon42069_MoreBattleAnimations.js:85
(anonymous) @ anarchon42069_MoreBattleAnimations.js:86
setTimeout (async)
displayAnimationOnFace @ anarchon42069_MoreBattleAnimations.js:85
(anonymous) @ anarchon42069_MoreBattleAnimations.js:86
setTimeout (async)
displayAnimationOnFace @ anarchon42069_MoreBattleAnimations.js:85
displayAnimationOnTarget @ anarchon42069_MoreBattleAnimations.js:45
BattleManager.invokeAction @ anarchon42069_MoreBattleAnimations.js:38
BattleManager.updateAction @ rmmz_managers.js:2758
BattleManager.updatePhase @ rmmz_managers.js:2358
BattleManager.update @ rmmz_managers.js:2342
Scene_Battle.updateBattleProcess @ rmmz_scenes.js:3090
Scene_Battle.update @ rmmz_scenes.js:3077
SceneManager.updateScene @ rmmz_managers.js:2103
SceneManager.updateMain @ rmmz_managers.js:2063
SceneManager.update @ rmmz_managers.js:1942
Graphics._onTick @ rmmz_core.js:811
TickerListener.emit @ pixi.js:9093
Ticker.update @ pixi.js:9548
Ticker._tick @ pixi.js:9298
requestAnimationFrame (async)
Ticker._tick @ pixi.js:9301
requestAnimationFrame (async)
Ticker._tick @ pixi.js:9301
requestAnimationFrame (async)
Ticker._tick @ pixi.js:9301
requestAnimationFrame (async)
Ticker._tick @ pixi.js:9301
requestAnimationFrame (async)
Ticker._tick @ pixi.js:9301
requestAnimationFrame (async)
Ticker._tick @ pixi.js:9301
requestAnimationFrame (async)
Ticker._tick @ pixi.js:9301
requestAnimationFrame (async)
Ticker._tick @ pixi.js:9301
requestAnimationFrame (async)
Ticker._tick @ pixi.js:9301
requestAnimationFrame (async)
Ticker._tick @ pixi.js:9301
requestAnimationFrame (async)
Ticker._tick @ pixi.js:9301
requestAnimationFrame (async)
Ticker._tick @ pixi.js:9301
requestAnimationFrame (async)
Ticker._tick @ pixi.js:9301
requestAnimationFrame (async)
Ticker._tick @ pixi.js:9301
requestAnimationFrame (async)
Ticker._tick @ pixi.js:9301
requestAnimationFrame (async)
Ticker._tick @ pixi.js:9301
requestAnimationFrame (async)
Ticker._tick @ pixi.js:9301
requestAnimationFrame (async)
Ticker._tick @ pixi.js:9301
requestAnimationFrame (async)
Ticker._tick @ pixi.js:9301
requestAnimationFrame (async)
Ticker._tick @ pixi.js:9301
requestAnimationFrame (async)
Ticker._tick @ pixi.js:9301
requestAnimationFrame (async)
Ticker._tick @ pixi.js:9301
requestAnimationFrame (async)
Ticker._tick @ pixi.js:9301
requestAnimationFrame (async)
Ticker._tick @ pixi.js:9301
requestAnimationFrame (async)
Ticker._tick @ pixi.js:9301
requestAnimationFrame (async)
Ticker._tick @ pixi.js:9301
requestAnimationFrame (async)
Ticker._tick @ pixi.js:9301
requestAnimationFrame (async)
Ticker._tick @ pixi.js:9301
requestAnimationFrame (async)
Ticker._tick @ pixi.js:9301
22:45:46.340 anarchon42069_MoreBattleAnimations.js:79 Missing face sprite or animation data for actor: Tairy Greene
displayAnimationOnFace @ anarchon42069_MoreBattleAnimations.js:79
(anonymous) @ anarchon42069_MoreBattleAnimations.js:86
setTimeout (async)
displayAnimationOnFace @ anarchon42069_MoreBattleAnimations.js:85
(anonymous) @ anarchon42069_MoreBattleAnimations.js:86
setTimeout (async)
displayAnimationOnFace @ anarchon42069_MoreBattleAnimations.js:85
(anonymous) @ anarchon42069_MoreBattleAnimations.js:86
setTimeout (async)
displayAnimationOnFace @ anarchon42069_MoreBattleAnimations.js:85
displayAnimationOnTarget @ anarchon42069_MoreBattleAnimations.js:45
BattleManager.invokeAction @ anarchon42069_MoreBattleAnimations.js:38
BattleManager.updateAction @ rmmz_managers.js:2758
BattleManager.updatePhase @ rmmz_managers.js:2358
BattleManager.update @ rmmz_managers.js:2342
Scene_Battle.updateBattleProcess @ rmmz_scenes.js:3090
Scene_Battle.update @ rmmz_scenes.js:3077
SceneManager.updateScene @ rmmz_managers.js:2103
SceneManager.updateMain @ rmmz_managers.js:2063
SceneManager.update @ rmmz_managers.js:1942
Graphics._onTick @ rmmz_core.js:811
TickerListener.emit @ pixi.js:9093
Ticker.update @ pixi.js:9548
Ticker._tick @ pixi.js:9298
requestAnimationFrame (async)
Ticker._tick @ pixi.js:9301
requestAnimationFrame (async)
Ticker._tick @ pixi.js:9301
requestAnimationFrame (async)
Ticker._tick @ pixi.js:9301
requestAnimationFrame (async)
Ticker._tick @ pixi.js:9301
requestAnimationFrame (async)
Ticker._tick @ pixi.js:9301
requestAnimationFrame (async)
Ticker._tick @ pixi.js:9301
requestAnimationFrame (async)
Ticker._tick @ pixi.js:9301
requestAnimationFrame (async)
Ticker._tick @ pixi.js:9301
requestAnimationFrame (async)
Ticker._tick @ pixi.js:9301
requestAnimationFrame (async)
Ticker._tick @ pixi.js:9301
requestAnimationFrame (async)
Ticker._tick @ pixi.js:9301
requestAnimationFrame (async)
Ticker._tick @ pixi.js:9301
requestAnimationFrame (async)
Ticker._tick @ pixi.js:9301
requestAnimationFrame (async)
Ticker._tick @ pixi.js:9301
requestAnimationFrame (async)
Ticker._tick @ pixi.js:9301
requestAnimationFrame (async)
Ticker._tick @ pixi.js:9301
requestAnimationFrame (async)
Ticker._tick @ pixi.js:9301
requestAnimationFrame (async)
Ticker._tick @ pixi.js:9301
requestAnimationFrame (async)
Ticker._tick @ pixi.js:9301
requestAnimationFrame (async)
Ticker._tick @ pixi.js:9301
requestAnimationFrame (async)
Ticker._tick @ pixi.js:9301
requestAnimationFrame (async)
Ticker._tick @ pixi.js:9301
requestAnimationFrame (async)
Ticker._tick @ pixi.js:9301
requestAnimationFrame (async)
Ticker._tick @ pixi.js:9301
requestAnimationFrame (async)
Ticker._tick @ pixi.js:9301
requestAnimationFrame (async)
Ticker._tick @ pixi.js:9301
requestAnimationFrame (async)
Ticker._tick @ pixi.js:9301
requestAnimationFrame (async)
Ticker._tick @ pixi.js:9301
requestAnimationFrame (async)
Ticker._tick @ pixi.js:9301
22:45:46.341 anarchon42069_MoreBattleAnimations.js:83 Retrying to find face sprite... Attempt: 4
displayAnimationOnFace @ anarchon42069_MoreBattleAnimations.js:83
(anonymous) @ anarchon42069_MoreBattleAnimations.js:86
setTimeout (async)
displayAnimationOnFace @ anarchon42069_MoreBattleAnimations.js:85
(anonymous) @ anarchon42069_MoreBattleAnimations.js:86
setTimeout (async)
displayAnimationOnFace @ anarchon42069_MoreBattleAnimations.js:85
(anonymous) @ anarchon42069_MoreBattleAnimations.js:86
setTimeout (async)
displayAnimationOnFace @ anarchon42069_MoreBattleAnimations.js:85
displayAnimationOnTarget @ anarchon42069_MoreBattleAnimations.js:45
BattleManager.invokeAction @ anarchon42069_MoreBattleAnimations.js:38
BattleManager.updateAction @ rmmz_managers.js:2758
BattleManager.updatePhase @ rmmz_managers.js:2358
BattleManager.update @ rmmz_managers.js:2342
Scene_Battle.updateBattleProcess @ rmmz_scenes.js:3090
Scene_Battle.update @ rmmz_scenes.js:3077
SceneManager.updateScene @ rmmz_managers.js:2103
SceneManager.updateMain @ rmmz_managers.js:2063
SceneManager.update @ rmmz_managers.js:1942
Graphics._onTick @ rmmz_core.js:811
TickerListener.emit @ pixi.js:9093
Ticker.update @ pixi.js:9548
Ticker._tick @ pixi.js:9298
requestAnimationFrame (async)
Ticker._tick @ pixi.js:9301
requestAnimationFrame (async)
Ticker._tick @ pixi.js:9301
requestAnimationFrame (async)
Ticker._tick @ pixi.js:9301
requestAnimationFrame (async)
Ticker._tick @ pixi.js:9301
requestAnimationFrame (async)
Ticker._tick @ pixi.js:9301
requestAnimationFrame (async)
Ticker._tick @ pixi.js:9301
requestAnimationFrame (async)
Ticker._tick @ pixi.js:9301
requestAnimationFrame (async)
Ticker._tick @ pixi.js:9301
requestAnimationFrame (async)
Ticker._tick @ pixi.js:9301
requestAnimationFrame (async)
Ticker._tick @ pixi.js:9301
requestAnimationFrame (async)
Ticker._tick @ pixi.js:9301
requestAnimationFrame (async)
Ticker._tick @ pixi.js:9301
requestAnimationFrame (async)
Ticker._tick @ pixi.js:9301
requestAnimationFrame (async)
Ticker._tick @ pixi.js:9301
requestAnimationFrame (async)
Ticker._tick @ pixi.js:9301
requestAnimationFrame (async)
Ticker._tick @ pixi.js:9301
requestAnimationFrame (async)
Ticker._tick @ pixi.js:9301
requestAnimationFrame (async)
Ticker._tick @ pixi.js:9301
requestAnimationFrame (async)
Ticker._tick @ pixi.js:9301
requestAnimationFrame (async)
Ticker._tick @ pixi.js:9301
requestAnimationFrame (async)
Ticker._tick @ pixi.js:9301
requestAnimationFrame (async)
Ticker._tick @ pixi.js:9301
requestAnimationFrame (async)
Ticker._tick @ pixi.js:9301
requestAnimationFrame (async)
Ticker._tick @ pixi.js:9301
requestAnimationFrame (async)
Ticker._tick @ pixi.js:9301
requestAnimationFrame (async)
Ticker._tick @ pixi.js:9301
requestAnimationFrame (async)
Ticker._tick @ pixi.js:9301
requestAnimationFrame (async)
Ticker._tick @ pixi.js:9301
requestAnimationFrame (async)
Ticker._tick @ pixi.js:9301
22:45:46.543 anarchon42069_MoreBattleAnimations.js:135 Status window or face sprites not found.
getFaceSprite @ anarchon42069_MoreBattleAnimations.js:135
displayAnimationOnFace @ anarchon42069_MoreBattleAnimations.js:54
(anonymous) @ anarchon42069_MoreBattleAnimations.js:86
setTimeout (async)
displayAnimationOnFace @ anarchon42069_MoreBattleAnimations.js:85
(anonymous) @ anarchon42069_MoreBattleAnimations.js:86
setTimeout (async)
displayAnimationOnFace @ anarchon42069_MoreBattleAnimations.js:85
(anonymous) @ anarchon42069_MoreBattleAnimations.js:86
setTimeout (async)
displayAnimationOnFace @ anarchon42069_MoreBattleAnimations.js:85
(anonymous) @ anarchon42069_MoreBattleAnimations.js:86
setTimeout (async)
displayAnimationOnFace @ anarchon42069_MoreBattleAnimations.js:85
displayAnimationOnTarget @ anarchon42069_MoreBattleAnimations.js:45
BattleManager.invokeAction @ anarchon42069_MoreBattleAnimations.js:38
BattleManager.updateAction @ rmmz_managers.js:2758
BattleManager.updatePhase @ rmmz_managers.js:2358
BattleManager.update @ rmmz_managers.js:2342
Scene_Battle.updateBattleProcess @ rmmz_scenes.js:3090
Scene_Battle.update @ rmmz_scenes.js:3077
SceneManager.updateScene @ rmmz_managers.js:2103
SceneManager.updateMain @ rmmz_managers.js:2063
SceneManager.update @ rmmz_managers.js:1942
Graphics._onTick @ rmmz_core.js:811
TickerListener.emit @ pixi.js:9093
Ticker.update @ pixi.js:9548
Ticker._tick @ pixi.js:9298
requestAnimationFrame (async)
Ticker._tick @ pixi.js:9301
requestAnimationFrame (async)
Ticker._tick @ pixi.js:9301
requestAnimationFrame (async)
Ticker._tick @ pixi.js:9301
requestAnimationFrame (async)
Ticker._tick @ pixi.js:9301
requestAnimationFrame (async)
Ticker._tick @ pixi.js:9301
requestAnimationFrame (async)
Ticker._tick @ pixi.js:9301
requestAnimationFrame (async)
Ticker._tick @ pixi.js:9301
requestAnimationFrame (async)
Ticker._tick @ pixi.js:9301
requestAnimationFrame (async)
Ticker._tick @ pixi.js:9301
requestAnimationFrame (async)
Ticker._tick @ pixi.js:9301
requestAnimationFrame (async)
Ticker._tick @ pixi.js:9301
requestAnimationFrame (async)
Ticker._tick @ pixi.js:9301
requestAnimationFrame (async)
Ticker._tick @ pixi.js:9301
requestAnimationFrame (async)
Ticker._tick @ pixi.js:9301
requestAnimationFrame (async)
Ticker._tick @ pixi.js:9301
requestAnimationFrame (async)
Ticker._tick @ pixi.js:9301
requestAnimationFrame (async)
Ticker._tick @ pixi.js:9301
requestAnimationFrame (async)
Ticker._tick @ pixi.js:9301
requestAnimationFrame (async)
Ticker._tick @ pixi.js:9301
requestAnimationFrame (async)
Ticker._tick @ pixi.js:9301
requestAnimationFrame (async)
Ticker._tick @ pixi.js:9301
requestAnimationFrame (async)
Ticker._tick @ pixi.js:9301
requestAnimationFrame (async)
Ticker._tick @ pixi.js:9301
requestAnimationFrame (async)
Ticker._tick @ pixi.js:9301
requestAnimationFrame (async)
Ticker._tick @ pixi.js:9301
requestAnimationFrame (async)
Ticker._tick @ pixi.js:9301
requestAnimationFrame (async)
Ticker._tick @ pixi.js:9301
requestAnimationFrame (async)
Ticker._tick @ pixi.js:9301
22:45:46.544 anarchon42069_MoreBattleAnimations.js:79 Missing face sprite or animation data for actor: Tairy Greene
displayAnimationOnFace @ anarchon42069_MoreBattleAnimations.js:79
(anonymous) @ anarchon42069_MoreBattleAnimations.js:86
setTimeout (async)
displayAnimationOnFace @ anarchon42069_MoreBattleAnimations.js:85
(anonymous) @ anarchon42069_MoreBattleAnimations.js:86
setTimeout (async)
displayAnimationOnFace @ anarchon42069_MoreBattleAnimations.js:85
(anonymous) @ anarchon42069_MoreBattleAnimations.js:86
setTimeout (async)
displayAnimationOnFace @ anarchon42069_MoreBattleAnimations.js:85
(anonymous) @ anarchon42069_MoreBattleAnimations.js:86
setTimeout (async)
displayAnimationOnFace @ anarchon42069_MoreBattleAnimations.js:85
displayAnimationOnTarget @ anarchon42069_MoreBattleAnimations.js:45
BattleManager.invokeAction @ anarchon42069_MoreBattleAnimations.js:38
BattleManager.updateAction @ rmmz_managers.js:2758
BattleManager.updatePhase @ rmmz_managers.js:2358
BattleManager.update @ rmmz_managers.js:2342
Scene_Battle.updateBattleProcess @ rmmz_scenes.js:3090
Scene_Battle.update @ rmmz_scenes.js:3077
SceneManager.updateScene @ rmmz_managers.js:2103
SceneManager.updateMain @ rmmz_managers.js:2063
SceneManager.update @ rmmz_managers.js:1942
Graphics._onTick @ rmmz_core.js:811
TickerListener.emit @ pixi.js:9093
Ticker.update @ pixi.js:9548
Ticker._tick @ pixi.js:9298
requestAnimationFrame (async)
Ticker._tick @ pixi.js:9301
requestAnimationFrame (async)
Ticker._tick @ pixi.js:9301
requestAnimationFrame (async)
Ticker._tick @ pixi.js:9301
requestAnimationFrame (async)
Ticker._tick @ pixi.js:9301
requestAnimationFrame (async)
Ticker._tick @ pixi.js:9301
requestAnimationFrame (async)
Ticker._tick @ pixi.js:9301
requestAnimationFrame (async)
Ticker._tick @ pixi.js:9301
requestAnimationFrame (async)
Ticker._tick @ pixi.js:9301
requestAnimationFrame (async)
Ticker._tick @ pixi.js:9301
requestAnimationFrame (async)
Ticker._tick @ pixi.js:9301
requestAnimationFrame (async)
Ticker._tick @ pixi.js:9301
requestAnimationFrame (async)
Ticker._tick @ pixi.js:9301
requestAnimationFrame (async)
Ticker._tick @ pixi.js:9301
requestAnimationFrame (async)
Ticker._tick @ pixi.js:9301
requestAnimationFrame (async)
Ticker._tick @ pixi.js:9301
requestAnimationFrame (async)
Ticker._tick @ pixi.js:9301
requestAnimationFrame (async)
Ticker._tick @ pixi.js:9301
requestAnimationFrame (async)
Ticker._tick @ pixi.js:9301
requestAnimationFrame (async)
Ticker._tick @ pixi.js:9301
requestAnimationFrame (async)
Ticker._tick @ pixi.js:9301
requestAnimationFrame (async)
Ticker._tick @ pixi.js:9301
requestAnimationFrame (async)
Ticker._tick @ pixi.js:9301
requestAnimationFrame (async)
Ticker._tick @ pixi.js:9301
requestAnimationFrame (async)
Ticker._tick @ pixi.js:9301
requestAnimationFrame (async)
Ticker._tick @ pixi.js:9301
requestAnimationFrame (async)
Ticker._tick @ pixi.js:9301
requestAnimationFrame (async)
Ticker._tick @ pixi.js:9301
requestAnimationFrame (async)
Ticker._tick @ pixi.js:9301
22:45:46.545 anarchon42069_MoreBattleAnimations.js:83 Retrying to find face sprite... Attempt: 5
displayAnimationOnFace @ anarchon42069_MoreBattleAnimations.js:83
(anonymous) @ anarchon42069_MoreBattleAnimations.js:86
setTimeout (async)
displayAnimationOnFace @ anarchon42069_MoreBattleAnimations.js:85
(anonymous) @ anarchon42069_MoreBattleAnimations.js:86
setTimeout (async)
displayAnimationOnFace @ anarchon42069_MoreBattleAnimations.js:85
(anonymous) @ anarchon42069_MoreBattleAnimations.js:86
setTimeout (async)
displayAnimationOnFace @ anarchon42069_MoreBattleAnimations.js:85
(anonymous) @ anarchon42069_MoreBattleAnimations.js:86
setTimeout (async)
displayAnimationOnFace @ anarchon42069_MoreBattleAnimations.js:85
displayAnimationOnTarget @ anarchon42069_MoreBattleAnimations.js:45
BattleManager.invokeAction @ anarchon42069_MoreBattleAnimations.js:38
BattleManager.updateAction @ rmmz_managers.js:2758
BattleManager.updatePhase @ rmmz_managers.js:2358
BattleManager.update @ rmmz_managers.js:2342
Scene_Battle.updateBattleProcess @ rmmz_scenes.js:3090
Scene_Battle.update @ rmmz_scenes.js:3077
SceneManager.updateScene @ rmmz_managers.js:2103
SceneManager.updateMain @ rmmz_managers.js:2063
SceneManager.update @ rmmz_managers.js:1942
Graphics._onTick @ rmmz_core.js:811
TickerListener.emit @ pixi.js:9093
Ticker.update @ pixi.js:9548
Ticker._tick @ pixi.js:9298
requestAnimationFrame (async)
Ticker._tick @ pixi.js:9301
requestAnimationFrame (async)
Ticker._tick @ pixi.js:9301
requestAnimationFrame (async)
Ticker._tick @ pixi.js:9301
requestAnimationFrame (async)
Ticker._tick @ pixi.js:9301
requestAnimationFrame (async)
Ticker._tick @ pixi.js:9301
requestAnimationFrame (async)
Ticker._tick @ pixi.js:9301
requestAnimationFrame (async)
Ticker._tick @ pixi.js:9301
requestAnimationFrame (async)
Ticker._tick @ pixi.js:9301
requestAnimationFrame (async)
Ticker._tick @ pixi.js:9301
requestAnimationFrame (async)
Ticker._tick @ pixi.js:9301
requestAnimationFrame (async)
Ticker._tick @ pixi.js:9301
requestAnimationFrame (async)
Ticker._tick @ pixi.js:9301
requestAnimationFrame (async)
Ticker._tick @ pixi.js:9301
requestAnimationFrame (async)
Ticker._tick @ pixi.js:9301
requestAnimationFrame (async)
Ticker._tick @ pixi.js:9301
requestAnimationFrame (async)
Ticker._tick @ pixi.js:9301
requestAnimationFrame (async)
Ticker._tick @ pixi.js:9301
requestAnimationFrame (async)
Ticker._tick @ pixi.js:9301
requestAnimationFrame (async)
Ticker._tick @ pixi.js:9301
requestAnimationFrame (async)
Ticker._tick @ pixi.js:9301
requestAnimationFrame (async)
Ticker._tick @ pixi.js:9301
requestAnimationFrame (async)
Ticker._tick @ pixi.js:9301
requestAnimationFrame (async)
Ticker._tick @ pixi.js:9301
requestAnimationFrame (async)
Ticker._tick @ pixi.js:9301
requestAnimationFrame (async)
Ticker._tick @ pixi.js:9301
requestAnimationFrame (async)
Ticker._tick @ pixi.js:9301
requestAnimationFrame (async)
Ticker._tick @ pixi.js:9301
requestAnimationFrame (async)
Ticker._tick @ pixi.js:9301
22:45:46.746 anarchon42069_MoreBattleAnimations.js:135 Status window or face sprites not found.
getFaceSprite @ anarchon42069_MoreBattleAnimations.js:135
displayAnimationOnFace @ anarchon42069_MoreBattleAnimations.js:54
(anonymous) @ anarchon42069_MoreBattleAnimations.js:86
setTimeout (async)
displayAnimationOnFace @ anarchon42069_MoreBattleAnimations.js:85
(anonymous) @ anarchon42069_MoreBattleAnimations.js:86
setTimeout (async)
displayAnimationOnFace @ anarchon42069_MoreBattleAnimations.js:85
(anonymous) @ anarchon42069_MoreBattleAnimations.js:86
setTimeout (async)
displayAnimationOnFace @ anarchon42069_MoreBattleAnimations.js:85
(anonymous) @ anarchon42069_MoreBattleAnimations.js:86
setTimeout (async)
displayAnimationOnFace @ anarchon42069_MoreBattleAnimations.js:85
(anonymous) @ anarchon42069_MoreBattleAnimations.js:86
setTimeout (async)
displayAnimationOnFace @ anarchon42069_MoreBattleAnimations.js:85
displayAnimationOnTarget @ anarchon42069_MoreBattleAnimations.js:45
BattleManager.invokeAction @ anarchon42069_MoreBattleAnimations.js:38
BattleManager.updateAction @ rmmz_managers.js:2758
BattleManager.updatePhase @ rmmz_managers.js:2358
BattleManager.update @ rmmz_managers.js:2342
Scene_Battle.updateBattleProcess @ rmmz_scenes.js:3090
Scene_Battle.update @ rmmz_scenes.js:3077
SceneManager.updateScene @ rmmz_managers.js:2103
SceneManager.updateMain @ rmmz_managers.js:2063
SceneManager.update @ rmmz_managers.js:1942
Graphics._onTick @ rmmz_core.js:811
TickerListener.emit @ pixi.js:9093
Ticker.update @ pixi.js:9548
Ticker._tick @ pixi.js:9298
requestAnimationFrame (async)
Ticker._tick @ pixi.js:9301
requestAnimationFrame (async)
Ticker._tick @ pixi.js:9301
requestAnimationFrame (async)
Ticker._tick @ pixi.js:9301
requestAnimationFrame (async)
Ticker._tick @ pixi.js:9301
requestAnimationFrame (async)
Ticker._tick @ pixi.js:9301
requestAnimationFrame (async)
Ticker._tick @ pixi.js:9301
requestAnimationFrame (async)
Ticker._tick @ pixi.js:9301
requestAnimationFrame (async)
Ticker._tick @ pixi.js:9301
requestAnimationFrame (async)
Ticker._tick @ pixi.js:9301
requestAnimationFrame (async)
Ticker._tick @ pixi.js:9301
requestAnimationFrame (async)
Ticker._tick @ pixi.js:9301
requestAnimationFrame (async)
Ticker._tick @ pixi.js:9301
requestAnimationFrame (async)
Ticker._tick @ pixi.js:9301
requestAnimationFrame (async)
Ticker._tick @ pixi.js:9301
requestAnimationFrame (async)
Ticker._tick @ pixi.js:9301
requestAnimationFrame (async)
Ticker._tick @ pixi.js:9301
requestAnimationFrame (async)
Ticker._tick @ pixi.js:9301
requestAnimationFrame (async)
Ticker._tick @ pixi.js:9301
requestAnimationFrame (async)
Ticker._tick @ pixi.js:9301
requestAnimationFrame (async)
Ticker._tick @ pixi.js:9301
requestAnimationFrame (async)
Ticker._tick @ pixi.js:9301
requestAnimationFrame (async)
Ticker._tick @ pixi.js:9301
requestAnimationFrame (async)
Ticker._tick @ pixi.js:9301
requestAnimationFrame (async)
Ticker._tick @ pixi.js:9301
requestAnimationFrame (async)
Ticker._tick @ pixi.js:9301
requestAnimationFrame (async)
Ticker._tick @ pixi.js:9301
requestAnimationFrame (async)
Ticker._tick @ pixi.js:9301
22:45:46.748 anarchon42069_MoreBattleAnimations.js:79 Missing face sprite or animation data for actor: Tairy Greene
displayAnimationOnFace @ anarchon42069_MoreBattleAnimations.js:79
(anonymous) @ anarchon42069_MoreBattleAnimations.js:86
setTimeout (async)
displayAnimationOnFace @ anarchon42069_MoreBattleAnimations.js:85
(anonymous) @ anarchon42069_MoreBattleAnimations.js:86
setTimeout (async)
displayAnimationOnFace @ anarchon42069_MoreBattleAnimations.js:85
(anonymous) @ anarchon42069_MoreBattleAnimations.js:86
setTimeout (async)
displayAnimationOnFace @ anarchon42069_MoreBattleAnimations.js:85
(anonymous) @ anarchon42069_MoreBattleAnimations.js:86
setTimeout (async)
displayAnimationOnFace @ anarchon42069_MoreBattleAnimations.js:85
(anonymous) @ anarchon42069_MoreBattleAnimations.js:86
setTimeout (async)
displayAnimationOnFace @ anarchon42069_MoreBattleAnimations.js:85
displayAnimationOnTarget @ anarchon42069_MoreBattleAnimations.js:45
BattleManager.invokeAction @ anarchon42069_MoreBattleAnimations.js:38
BattleManager.updateAction @ rmmz_managers.js:2758
BattleManager.updatePhase @ rmmz_managers.js:2358
BattleManager.update @ rmmz_managers.js:2342
Scene_Battle.updateBattleProcess @ rmmz_scenes.js:3090
Scene_Battle.update @ rmmz_scenes.js:3077
SceneManager.updateScene @ rmmz_managers.js:2103
SceneManager.updateMain @ rmmz_managers.js:2063
SceneManager.update @ rmmz_managers.js:1942
Graphics._onTick @ rmmz_core.js:811
TickerListener.emit @ pixi.js:9093
Ticker.update @ pixi.js:9548
Ticker._tick @ pixi.js:9298
requestAnimationFrame (async)
Ticker._tick @ pixi.js:9301
requestAnimationFrame (async)
Ticker._tick @ pixi.js:9301
requestAnimationFrame (async)
Ticker._tick @ pixi.js:9301
requestAnimationFrame (async)
Ticker._tick @ pixi.js:9301
requestAnimationFrame (async)
Ticker._tick @ pixi.js:9301
requestAnimationFrame (async)
Ticker._tick @ pixi.js:9301
requestAnimationFrame (async)
Ticker._tick @ pixi.js:9301
requestAnimationFrame (async)
Ticker._tick @ pixi.js:9301
requestAnimationFrame (async)
Ticker._tick @ pixi.js:9301
requestAnimationFrame (async)
Ticker._tick @ pixi.js:9301
requestAnimationFrame (async)
Ticker._tick @ pixi.js:9301
requestAnimationFrame (async)
Ticker._tick @ pixi.js:9301
requestAnimationFrame (async)
Ticker._tick @ pixi.js:9301
requestAnimationFrame (async)
Ticker._tick @ pixi.js:9301
requestAnimationFrame (async)
Ticker._tick @ pixi.js:9301
requestAnimationFrame (async)
Ticker._tick @ pixi.js:9301
requestAnimationFrame (async)
Ticker._tick @ pixi.js:9301
requestAnimationFrame (async)
Ticker._tick @ pixi.js:9301
requestAnimationFrame (async)
Ticker._tick @ pixi.js:9301
requestAnimationFrame (async)
Ticker._tick @ pixi.js:9301
requestAnimationFrame (async)
Ticker._tick @ pixi.js:9301
requestAnimationFrame (async)
Ticker._tick @ pixi.js:9301
requestAnimationFrame (async)
Ticker._tick @ pixi.js:9301
requestAnimationFrame (async)
Ticker._tick @ pixi.js:9301
requestAnimationFrame (async)
Ticker._tick @ pixi.js:9301
requestAnimationFrame (async)
Ticker._tick @ pixi.js:9301
requestAnimationFrame (async)
Ticker._tick @ pixi.js:9301
22:45:46.751 anarchon42069_MoreBattleAnimations.js:89 Exceeded maximum retries for finding face sprite.
displayAnimationOnFace @ anarchon42069_MoreBattleAnimations.js:89
(anonymous) @ anarchon42069_MoreBattleAnimations.js:86
setTimeout (async)
displayAnimationOnFace @ anarchon42069_MoreBattleAnimations.js:85
(anonymous) @ anarchon42069_MoreBattleAnimations.js:86
setTimeout (async)
displayAnimationOnFace @ anarchon42069_MoreBattleAnimations.js:85
(anonymous) @ anarchon42069_MoreBattleAnimations.js:86
setTimeout (async)
displayAnimationOnFace @ anarchon42069_MoreBattleAnimations.js:85
(anonymous) @ anarchon42069_MoreBattleAnimations.js:86
setTimeout (async)
displayAnimationOnFace @ anarchon42069_MoreBattleAnimations.js:85
(anonymous) @ anarchon42069_MoreBattleAnimations.js:86
setTimeout (async)
displayAnimationOnFace @ anarchon42069_MoreBattleAnimations.js:85
displayAnimationOnTarget @ anarchon42069_MoreBattleAnimations.js:45
BattleManager.invokeAction @ anarchon42069_MoreBattleAnimations.js:38
BattleManager.updateAction @ rmmz_managers.js:2758
BattleManager.updatePhase @ rmmz_managers.js:2358
BattleManager.update @ rmmz_managers.js:2342
Scene_Battle.updateBattleProcess @ rmmz_scenes.js:3090
Scene_Battle.update @ rmmz_scenes.js:3077
SceneManager.updateScene @ rmmz_managers.js:2103
SceneManager.updateMain @ rmmz_managers.js:2063
SceneManager.update @ rmmz_managers.js:1942
Graphics._onTick @ rmmz_core.js:811
TickerListener.emit @ pixi.js:9093
Ticker.update @ pixi.js:9548
Ticker._tick @ pixi.js:9298
requestAnimationFrame (async)
Ticker._tick @ pixi.js:9301
requestAnimationFrame (async)
Ticker._tick @ pixi.js:9301
requestAnimationFrame (async)
Ticker._tick @ pixi.js:9301
requestAnimationFrame (async)
Ticker._tick @ pixi.js:9301
requestAnimationFrame (async)
Ticker._tick @ pixi.js:9301
requestAnimationFrame (async)
Ticker._tick @ pixi.js:9301
requestAnimationFrame (async)
Ticker._tick @ pixi.js:9301
requestAnimationFrame (async)
Ticker._tick @ pixi.js:9301
requestAnimationFrame (async)
Ticker._tick @ pixi.js:9301
requestAnimationFrame (async)
Ticker._tick @ pixi.js:9301
requestAnimationFrame (async)
Ticker._tick @ pixi.js:9301
requestAnimationFrame (async)
Ticker._tick @ pixi.js:9301
requestAnimationFrame (async)
Ticker._tick @ pixi.js:9301
requestAnimationFrame (async)
Ticker._tick @ pixi.js:9301
requestAnimationFrame (async)
Ticker._tick @ pixi.js:9301
requestAnimationFrame (async)
Ticker._tick @ pixi.js:9301
requestAnimationFrame (async)
Ticker._tick @ pixi.js:9301
requestAnimationFrame (async)
Ticker._tick @ pixi.js:9301
requestAnimationFrame (async)
Ticker._tick @ pixi.js:9301
requestAnimationFrame (async)
Ticker._tick @ pixi.js:9301
requestAnimationFrame (async)
Ticker._tick @ pixi.js:9301
requestAnimationFrame (async)
Ticker._tick @ pixi.js:9301
requestAnimationFrame (async)
Ticker._tick @ pixi.js:9301
requestAnimationFrame (async)
Ticker._tick @ pixi.js:9301
requestAnimationFrame (async)
Ticker._tick @ pixi.js:9301
requestAnimationFrame (async)
Ticker._tick @ pixi.js:9301
requestAnimationFrame (async)
Ticker._tick @ pixi.js:9301
