DevTools failed to load SourceMap: Could not load content for chrome-extension://njgcanhfjdabfmnlmpmdedalocpafnhl/js/libs/pixi.js.map: System error: net::ERR_FILE_NOT_FOUND
MoreBattleAnimations.js:27 Animation ID for current action: 53
MoreBattleAnimations.js:40 Displaying animation on actor: No One
MoreBattleAnimations.js:78 Missing face sprite or animation data for actor: No One
displayAnimationOnFace @ MoreBattleAnimations.js:78
displayAnimationOnTarget @ MoreBattleAnimations.js:41
BattleManager.invokeAction @ MoreBattleAnimations.js:34
BattleManager.updateAction @ rmmz_managers.js:2758
BattleManager.updatePhase @ rmmz_managers.js:2358
BattleManager.update @ rmmz_managers.js:2342
Scene_Battle.updateBattleProcess @ rmmz_scenes.js:3090
Scene_Battle.update @ rmmz_scenes.js:3077
SceneManager.updateScene @ rmmz_managers.js:2103
SceneManager.updateMain @ rmmz_managers.js:2063
SceneManager.update @ rmmz_managers.js:1942
Graphics._onTick @ rmmz_core.js:811
TickerListener.emit @ pixi.js:9093
Ticker.update @ pixi.js:9548
Ticker._tick @ pixi.js:9298
requestAnimationFrame (async)
Ticker._tick @ pixi.js:9301
requestAnimationFrame (async)
Ticker._tick @ pixi.js:9301
requestAnimationFrame (async)
Ticker._tick @ pixi.js:9301
requestAnimationFrame (async)
Ticker._tick @ pixi.js:9301
requestAnimationFrame (async)
Ticker._tick @ pixi.js:9301
requestAnimationFrame (async)
Ticker._tick @ pixi.js:9301
requestAnimationFrame (async)
Ticker._tick @ pixi.js:9301
requestAnimationFrame (async)
Ticker._tick @ pixi.js:9301
requestAnimationFrame (async)
Ticker._tick @ pixi.js:9301
requestAnimationFrame (async)
Ticker._tick @ pixi.js:9301
requestAnimationFrame (async)
Ticker._tick @ pixi.js:9301
requestAnimationFrame (async)
Ticker._tick @ pixi.js:9301
requestAnimationFrame (async)
Ticker._tick @ pixi.js:9301
requestAnimationFrame (async)
Ticker._tick @ pixi.js:9301
requestAnimationFrame (async)
Ticker._tick @ pixi.js:9301
requestAnimationFrame (async)
Ticker._tick @ pixi.js:9301
requestAnimationFrame (async)
Ticker._tick @ pixi.js:9301
requestAnimationFrame (async)
Ticker._tick @ pixi.js:9301
requestAnimationFrame (async)
Ticker._tick @ pixi.js:9301
requestAnimationFrame (async)
Ticker._tick @ pixi.js:9301
requestAnimationFrame (async)
Ticker._tick @ pixi.js:9301
requestAnimationFrame (async)
Ticker._tick @ pixi.js:9301
requestAnimationFrame (async)
Ticker._tick @ pixi.js:9301
requestAnimationFrame (async)
Ticker._tick @ pixi.js:9301
requestAnimationFrame (async)
Ticker._tick @ pixi.js:9301
requestAnimationFrame (async)
Ticker._tick @ pixi.js:9301
requestAnimationFrame (async)
Ticker._tick @ pixi.js:9301
requestAnimationFrame (async)
Ticker._tick @ pixi.js:9301
requestAnimationFrame (async)
Ticker._tick @ pixi.js:9301
requestAnimationFrame (async)
Ticker._tick @ pixi.js:9301
requestAnimationFrame (async)
Ticker._tick @ pixi.js:9301
requestAnimationFrame (async)
Ticker._tick @ pixi.js:9301
MoreBattleAnimations.js:27 Animation ID for current action: 53
MoreBattleAnimations.js:43 Displaying animation on enemy: Gacy B
MoreBattleAnimations.js:103 Incomplete animation data for enemy: Gacy B
displayAnimationOnEnemy @ MoreBattleAnimations.js:103
displayAnimationOnTarget @ MoreBattleAnimations.js:44
BattleManager.invokeAction @ MoreBattleAnimations.js:34
BattleManager.updateAction @ rmmz_managers.js:2758
BattleManager.updatePhase @ rmmz_managers.js:2358
BattleManager.update @ rmmz_managers.js:2342
Scene_Battle.updateBattleProcess @ rmmz_scenes.js:3090
Scene_Battle.update @ rmmz_scenes.js:3077
SceneManager.updateScene @ rmmz_managers.js:2103
SceneManager.updateMain @ rmmz_managers.js:2063
SceneManager.update @ rmmz_managers.js:1942
Graphics._onTick @ rmmz_core.js:811
TickerListener.emit @ pixi.js:9093
Ticker.update @ pixi.js:9548
Ticker._tick @ pixi.js:9298
requestAnimationFrame (async)
Ticker._tick @ pixi.js:9301
requestAnimationFrame (async)
Ticker._tick @ pixi.js:9301
requestAnimationFrame (async)
Ticker._tick @ pixi.js:9301
requestAnimationFrame (async)
Ticker._tick @ pixi.js:9301
requestAnimationFrame (async)
Ticker._tick @ pixi.js:9301
requestAnimationFrame (async)
Ticker._tick @ pixi.js:9301
requestAnimationFrame (async)
Ticker._tick @ pixi.js:9301
requestAnimationFrame (async)
Ticker._tick @ pixi.js:9301
requestAnimationFrame (async)
Ticker._tick @ pixi.js:9301
requestAnimationFrame (async)
Ticker._tick @ pixi.js:9301
requestAnimationFrame (async)
Ticker._tick @ pixi.js:9301
requestAnimationFrame (async)
Ticker._tick @ pixi.js:9301
requestAnimationFrame (async)
Ticker._tick @ pixi.js:9301
requestAnimationFrame (async)
Ticker._tick @ pixi.js:9301
requestAnimationFrame (async)
Ticker._tick @ pixi.js:9301
requestAnimationFrame (async)
Ticker._tick @ pixi.js:9301
requestAnimationFrame (async)
Ticker._tick @ pixi.js:9301
requestAnimationFrame (async)
Ticker._tick @ pixi.js:9301
requestAnimationFrame (async)
Ticker._tick @ pixi.js:9301
requestAnimationFrame (async)
Ticker._tick @ pixi.js:9301
requestAnimationFrame (async)
Ticker._tick @ pixi.js:9301
requestAnimationFrame (async)
Ticker._tick @ pixi.js:9301
requestAnimationFrame (async)
Ticker._tick @ pixi.js:9301
requestAnimationFrame (async)
Ticker._tick @ pixi.js:9301
requestAnimationFrame (async)
Ticker._tick @ pixi.js:9301
requestAnimationFrame (async)
Ticker._tick @ pixi.js:9301
requestAnimationFrame (async)
Ticker._tick @ pixi.js:9301
requestAnimationFrame (async)
Ticker._tick @ pixi.js:9301
requestAnimationFrame (async)
Ticker._tick @ pixi.js:9301
requestAnimationFrame (async)
Ticker._tick @ pixi.js:9301
requestAnimationFrame (async)
Ticker._tick @ pixi.js:9301
requestAnimationFrame (async)
Ticker._tick @ pixi.js:9301
MoreBattleAnimations.js:27 Animation ID for current action: -1
MoreBattleAnimations.js:30 No valid animation ID found. Using default (Death) animation.
BattleManager.invokeAction @ MoreBattleAnimations.js:30
BattleManager.updateAction @ rmmz_managers.js:2758
BattleManager.updatePhase @ rmmz_managers.js:2358
BattleManager.update @ rmmz_managers.js:2342
Scene_Battle.updateBattleProcess @ rmmz_scenes.js:3090
Scene_Battle.update @ rmmz_scenes.js:3077
SceneManager.updateScene @ rmmz_managers.js:2103
SceneManager.updateMain @ rmmz_managers.js:2063
SceneManager.update @ rmmz_managers.js:1942
Graphics._onTick @ rmmz_core.js:811
TickerListener.emit @ pixi.js:9093
Ticker.update @ pixi.js:9548
Ticker._tick @ pixi.js:9298
requestAnimationFrame (async)
Ticker._tick @ pixi.js:9301
requestAnimationFrame (async)
Ticker._tick @ pixi.js:9301
requestAnimationFrame (async)
Ticker._tick @ pixi.js:9301
requestAnimationFrame (async)
Ticker._tick @ pixi.js:9301
requestAnimationFrame (async)
Ticker._tick @ pixi.js:9301
requestAnimationFrame (async)
Ticker._tick @ pixi.js:9301
requestAnimationFrame (async)
Ticker._tick @ pixi.js:9301
requestAnimationFrame (async)
Ticker._tick @ pixi.js:9301
requestAnimationFrame (async)
Ticker._tick @ pixi.js:9301
requestAnimationFrame (async)
Ticker._tick @ pixi.js:9301
requestAnimationFrame (async)
Ticker._tick @ pixi.js:9301
requestAnimationFrame (async)
Ticker._tick @ pixi.js:9301
requestAnimationFrame (async)
Ticker._tick @ pixi.js:9301
requestAnimationFrame (async)
Ticker._tick @ pixi.js:9301
requestAnimationFrame (async)
Ticker._tick @ pixi.js:9301
requestAnimationFrame (async)
Ticker._tick @ pixi.js:9301
requestAnimationFrame (async)
Ticker._tick @ pixi.js:9301
requestAnimationFrame (async)
Ticker._tick @ pixi.js:9301
requestAnimationFrame (async)
Ticker._tick @ pixi.js:9301
requestAnimationFrame (async)
Ticker._tick @ pixi.js:9301
requestAnimationFrame (async)
Ticker._tick @ pixi.js:9301
requestAnimationFrame (async)
Ticker._tick @ pixi.js:9301
requestAnimationFrame (async)
Ticker._tick @ pixi.js:9301
requestAnimationFrame (async)
Ticker._tick @ pixi.js:9301
requestAnimationFrame (async)
Ticker._tick @ pixi.js:9301
requestAnimationFrame (async)
Ticker._tick @ pixi.js:9301
requestAnimationFrame (async)
Ticker._tick @ pixi.js:9301
requestAnimationFrame (async)
Ticker._tick @ pixi.js:9301
requestAnimationFrame (async)
Ticker._tick @ pixi.js:9301
requestAnimationFrame (async)
Ticker._tick @ pixi.js:9301
requestAnimationFrame (async)
Ticker._tick @ pixi.js:9301
requestAnimationFrame (async)
Ticker._tick @ pixi.js:9301
MoreBattleAnimations.js:40 Displaying animation on actor: No One
MoreBattleAnimations.js:78 Missing face sprite or animation data for actor: No One
displayAnimationOnFace @ MoreBattleAnimations.js:78
displayAnimationOnTarget @ MoreBattleAnimations.js:41
BattleManager.invokeAction @ MoreBattleAnimations.js:34
BattleManager.updateAction @ rmmz_managers.js:2758
BattleManager.updatePhase @ rmmz_managers.js:2358
BattleManager.update @ rmmz_managers.js:2342
Scene_Battle.updateBattleProcess @ rmmz_scenes.js:3090
Scene_Battle.update @ rmmz_scenes.js:3077
SceneManager.updateScene @ rmmz_managers.js:2103
SceneManager.updateMain @ rmmz_managers.js:2063
SceneManager.update @ rmmz_managers.js:1942
Graphics._onTick @ rmmz_core.js:811
TickerListener.emit @ pixi.js:9093
Ticker.update @ pixi.js:9548
Ticker._tick @ pixi.js:9298
requestAnimationFrame (async)
Ticker._tick @ pixi.js:9301
requestAnimationFrame (async)
Ticker._tick @ pixi.js:9301
requestAnimationFrame (async)
Ticker._tick @ pixi.js:9301
requestAnimationFrame (async)
Ticker._tick @ pixi.js:9301
requestAnimationFrame (async)
Ticker._tick @ pixi.js:9301
requestAnimationFrame (async)
Ticker._tick @ pixi.js:9301
requestAnimationFrame (async)
Ticker._tick @ pixi.js:9301
requestAnimationFrame (async)
Ticker._tick @ pixi.js:9301
requestAnimationFrame (async)
Ticker._tick @ pixi.js:9301
requestAnimationFrame (async)
Ticker._tick @ pixi.js:9301
requestAnimationFrame (async)
Ticker._tick @ pixi.js:9301
requestAnimationFrame (async)
Ticker._tick @ pixi.js:9301
requestAnimationFrame (async)
Ticker._tick @ pixi.js:9301
requestAnimationFrame (async)
Ticker._tick @ pixi.js:9301
requestAnimationFrame (async)
Ticker._tick @ pixi.js:9301
requestAnimationFrame (async)
Ticker._tick @ pixi.js:9301
requestAnimationFrame (async)
Ticker._tick @ pixi.js:9301
requestAnimationFrame (async)
Ticker._tick @ pixi.js:9301
requestAnimationFrame (async)
Ticker._tick @ pixi.js:9301
requestAnimationFrame (async)
Ticker._tick @ pixi.js:9301
requestAnimationFrame (async)
Ticker._tick @ pixi.js:9301
requestAnimationFrame (async)
Ticker._tick @ pixi.js:9301
requestAnimationFrame (async)
Ticker._tick @ pixi.js:9301
requestAnimationFrame (async)
Ticker._tick @ pixi.js:9301
requestAnimationFrame (async)
Ticker._tick @ pixi.js:9301
requestAnimationFrame (async)
Ticker._tick @ pixi.js:9301
requestAnimationFrame (async)
Ticker._tick @ pixi.js:9301
requestAnimationFrame (async)
Ticker._tick @ pixi.js:9301
requestAnimationFrame (async)
Ticker._tick @ pixi.js:9301
requestAnimationFrame (async)
Ticker._tick @ pixi.js:9301
requestAnimationFrame (async)
Ticker._tick @ pixi.js:9301
requestAnimationFrame (async)
Ticker._tick @ pixi.js:9301
MoreBattleAnimations.js:27 Animation ID for current action: -1
MoreBattleAnimations.js:30 No valid animation ID found. Using default (Death) animation.
BattleManager.invokeAction @ MoreBattleAnimations.js:30
BattleManager.updateAction @ rmmz_managers.js:2758
BattleManager.updatePhase @ rmmz_managers.js:2358
BattleManager.update @ rmmz_managers.js:2342
Scene_Battle.updateBattleProcess @ rmmz_scenes.js:3090
Scene_Battle.update @ rmmz_scenes.js:3077
SceneManager.updateScene @ rmmz_managers.js:2103
SceneManager.updateMain @ rmmz_managers.js:2063
SceneManager.update @ rmmz_managers.js:1942
Graphics._onTick @ rmmz_core.js:811
TickerListener.emit @ pixi.js:9093
Ticker.update @ pixi.js:9548
Ticker._tick @ pixi.js:9298
requestAnimationFrame (async)
Ticker._tick @ pixi.js:9301
requestAnimationFrame (async)
Ticker._tick @ pixi.js:9301
requestAnimationFrame (async)
Ticker._tick @ pixi.js:9301
requestAnimationFrame (async)
Ticker._tick @ pixi.js:9301
requestAnimationFrame (async)
Ticker._tick @ pixi.js:9301
requestAnimationFrame (async)
Ticker._tick @ pixi.js:9301
requestAnimationFrame (async)
Ticker._tick @ pixi.js:9301
requestAnimationFrame (async)
Ticker._tick @ pixi.js:9301
requestAnimationFrame (async)
Ticker._tick @ pixi.js:9301
requestAnimationFrame (async)
Ticker._tick @ pixi.js:9301
requestAnimationFrame (async)
Ticker._tick @ pixi.js:9301
requestAnimationFrame (async)
Ticker._tick @ pixi.js:9301
requestAnimationFrame (async)
Ticker._tick @ pixi.js:9301
requestAnimationFrame (async)
Ticker._tick @ pixi.js:9301
requestAnimationFrame (async)
Ticker._tick @ pixi.js:9301
requestAnimationFrame (async)
Ticker._tick @ pixi.js:9301
requestAnimationFrame (async)
Ticker._tick @ pixi.js:9301
requestAnimationFrame (async)
Ticker._tick @ pixi.js:9301
requestAnimationFrame (async)
Ticker._tick @ pixi.js:9301
requestAnimationFrame (async)
Ticker._tick @ pixi.js:9301
requestAnimationFrame (async)
Ticker._tick @ pixi.js:9301
requestAnimationFrame (async)
Ticker._tick @ pixi.js:9301
requestAnimationFrame (async)
Ticker._tick @ pixi.js:9301
requestAnimationFrame (async)
Ticker._tick @ pixi.js:9301
requestAnimationFrame (async)
Ticker._tick @ pixi.js:9301
requestAnimationFrame (async)
Ticker._tick @ pixi.js:9301
requestAnimationFrame (async)
Ticker._tick @ pixi.js:9301
requestAnimationFrame (async)
Ticker._tick @ pixi.js:9301
requestAnimationFrame (async)
Ticker._tick @ pixi.js:9301
requestAnimationFrame (async)
Ticker._tick @ pixi.js:9301
requestAnimationFrame (async)
Ticker._tick @ pixi.js:9301
requestAnimationFrame (async)
Ticker._tick @ pixi.js:9301
MoreBattleAnimations.js:43 Displaying animation on enemy: Gacy A
MoreBattleAnimations.js:103 Incomplete animation data for enemy: Gacy A
displayAnimationOnEnemy @ MoreBattleAnimations.js:103
displayAnimationOnTarget @ MoreBattleAnimations.js:44
BattleManager.invokeAction @ MoreBattleAnimations.js:34
BattleManager.updateAction @ rmmz_managers.js:2758
BattleManager.updatePhase @ rmmz_managers.js:2358
BattleManager.update @ rmmz_managers.js:2342
Scene_Battle.updateBattleProcess @ rmmz_scenes.js:3090
Scene_Battle.update @ rmmz_scenes.js:3077
SceneManager.updateScene @ rmmz_managers.js:2103
SceneManager.updateMain @ rmmz_managers.js:2063
SceneManager.update @ rmmz_managers.js:1942
Graphics._onTick @ rmmz_core.js:811
TickerListener.emit @ pixi.js:9093
Ticker.update @ pixi.js:9548
Ticker._tick @ pixi.js:9298
requestAnimationFrame (async)
Ticker._tick @ pixi.js:9301
requestAnimationFrame (async)
Ticker._tick @ pixi.js:9301
requestAnimationFrame (async)
Ticker._tick @ pixi.js:9301
requestAnimationFrame (async)
Ticker._tick @ pixi.js:9301
requestAnimationFrame (async)
Ticker._tick @ pixi.js:9301
requestAnimationFrame (async)
Ticker._tick @ pixi.js:9301
requestAnimationFrame (async)
Ticker._tick @ pixi.js:9301
requestAnimationFrame (async)
Ticker._tick @ pixi.js:9301
requestAnimationFrame (async)
Ticker._tick @ pixi.js:9301
requestAnimationFrame (async)
Ticker._tick @ pixi.js:9301
requestAnimationFrame (async)
Ticker._tick @ pixi.js:9301
requestAnimationFrame (async)
Ticker._tick @ pixi.js:9301
requestAnimationFrame (async)
Ticker._tick @ pixi.js:9301
requestAnimationFrame (async)
Ticker._tick @ pixi.js:9301
requestAnimationFrame (async)
Ticker._tick @ pixi.js:9301
requestAnimationFrame (async)
Ticker._tick @ pixi.js:9301
requestAnimationFrame (async)
Ticker._tick @ pixi.js:9301
requestAnimationFrame (async)
Ticker._tick @ pixi.js:9301
requestAnimationFrame (async)
Ticker._tick @ pixi.js:9301
requestAnimationFrame (async)
Ticker._tick @ pixi.js:9301
requestAnimationFrame (async)
Ticker._tick @ pixi.js:9301
requestAnimationFrame (async)
Ticker._tick @ pixi.js:9301
requestAnimationFrame (async)
Ticker._tick @ pixi.js:9301
requestAnimationFrame (async)
Ticker._tick @ pixi.js:9301
requestAnimationFrame (async)
Ticker._tick @ pixi.js:9301
requestAnimationFrame (async)
Ticker._tick @ pixi.js:9301
requestAnimationFrame (async)
Ticker._tick @ pixi.js:9301
requestAnimationFrame (async)
Ticker._tick @ pixi.js:9301
requestAnimationFrame (async)
Ticker._tick @ pixi.js:9301
requestAnimationFrame (async)
Ticker._tick @ pixi.js:9301
requestAnimationFrame (async)
Ticker._tick @ pixi.js:9301
requestAnimationFrame (async)
Ticker._tick @ pixi.js:9301
MoreBattleAnimations.js:27 Animation ID for current action: 53
MoreBattleAnimations.js:40 Displaying animation on actor: Tairy Greene
MoreBattleAnimations.js:78 Missing face sprite or animation data for actor: Tairy Greene
displayAnimationOnFace @ MoreBattleAnimations.js:78
displayAnimationOnTarget @ MoreBattleAnimations.js:41
BattleManager.invokeAction @ MoreBattleAnimations.js:34
BattleManager.updateAction @ rmmz_managers.js:2758
BattleManager.updatePhase @ rmmz_managers.js:2358
BattleManager.update @ rmmz_managers.js:2342
Scene_Battle.updateBattleProcess @ rmmz_scenes.js:3090
Scene_Battle.update @ rmmz_scenes.js:3077
SceneManager.updateScene @ rmmz_managers.js:2103
SceneManager.updateMain @ rmmz_managers.js:2063
SceneManager.update @ rmmz_managers.js:1942
Graphics._onTick @ rmmz_core.js:811
TickerListener.emit @ pixi.js:9093
Ticker.update @ pixi.js:9548
Ticker._tick @ pixi.js:9298
requestAnimationFrame (async)
Ticker._tick @ pixi.js:9301
requestAnimationFrame (async)
Ticker._tick @ pixi.js:9301
requestAnimationFrame (async)
Ticker._tick @ pixi.js:9301
requestAnimationFrame (async)
Ticker._tick @ pixi.js:9301
requestAnimationFrame (async)
Ticker._tick @ pixi.js:9301
requestAnimationFrame (async)
Ticker._tick @ pixi.js:9301
requestAnimationFrame (async)
Ticker._tick @ pixi.js:9301
requestAnimationFrame (async)
Ticker._tick @ pixi.js:9301
requestAnimationFrame (async)
Ticker._tick @ pixi.js:9301
requestAnimationFrame (async)
Ticker._tick @ pixi.js:9301
requestAnimationFrame (async)
Ticker._tick @ pixi.js:9301
requestAnimationFrame (async)
Ticker._tick @ pixi.js:9301
requestAnimationFrame (async)
Ticker._tick @ pixi.js:9301
requestAnimationFrame (async)
Ticker._tick @ pixi.js:9301
requestAnimationFrame (async)
Ticker._tick @ pixi.js:9301
requestAnimationFrame (async)
Ticker._tick @ pixi.js:9301
requestAnimationFrame (async)
Ticker._tick @ pixi.js:9301
requestAnimationFrame (async)
Ticker._tick @ pixi.js:9301
requestAnimationFrame (async)
Ticker._tick @ pixi.js:9301
requestAnimationFrame (async)
Ticker._tick @ pixi.js:9301
requestAnimationFrame (async)
Ticker._tick @ pixi.js:9301
requestAnimationFrame (async)
Ticker._tick @ pixi.js:9301
requestAnimationFrame (async)
Ticker._tick @ pixi.js:9301
requestAnimationFrame (async)
Ticker._tick @ pixi.js:9301
requestAnimationFrame (async)
Ticker._tick @ pixi.js:9301
requestAnimationFrame (async)
Ticker._tick @ pixi.js:9301
requestAnimationFrame (async)
Ticker._tick @ pixi.js:9301
requestAnimationFrame (async)
Ticker._tick @ pixi.js:9301
requestAnimationFrame (async)
Ticker._tick @ pixi.js:9301
requestAnimationFrame (async)
Ticker._tick @ pixi.js:9301
requestAnimationFrame (async)
Ticker._tick @ pixi.js:9301
requestAnimationFrame (async)
Ticker._tick @ pixi.js:9301
MoreBattleAnimations.js:27 Animation ID for current action: 53
MoreBattleAnimations.js:43 Displaying animation on enemy: Gacy A
MoreBattleAnimations.js:103 Incomplete animation data for enemy: Gacy A
displayAnimationOnEnemy @ MoreBattleAnimations.js:103
displayAnimationOnTarget @ MoreBattleAnimations.js:44
BattleManager.invokeAction @ MoreBattleAnimations.js:34
BattleManager.updateAction @ rmmz_managers.js:2758
BattleManager.updatePhase @ rmmz_managers.js:2358
BattleManager.update @ rmmz_managers.js:2342
Scene_Battle.updateBattleProcess @ rmmz_scenes.js:3090
Scene_Battle.update @ rmmz_scenes.js:3077
SceneManager.updateScene @ rmmz_managers.js:2103
SceneManager.updateMain @ rmmz_managers.js:2063
SceneManager.update @ rmmz_managers.js:1942
Graphics._onTick @ rmmz_core.js:811
TickerListener.emit @ pixi.js:9093
Ticker.update @ pixi.js:9548
Ticker._tick @ pixi.js:9298
requestAnimationFrame (async)
Ticker._tick @ pixi.js:9301
requestAnimationFrame (async)
Ticker._tick @ pixi.js:9301
requestAnimationFrame (async)
Ticker._tick @ pixi.js:9301
requestAnimationFrame (async)
Ticker._tick @ pixi.js:9301
requestAnimationFrame (async)
Ticker._tick @ pixi.js:9301
requestAnimationFrame (async)
Ticker._tick @ pixi.js:9301
requestAnimationFrame (async)
Ticker._tick @ pixi.js:9301
requestAnimationFrame (async)
Ticker._tick @ pixi.js:9301
requestAnimationFrame (async)
Ticker._tick @ pixi.js:9301
requestAnimationFrame (async)
Ticker._tick @ pixi.js:9301
requestAnimationFrame (async)
Ticker._tick @ pixi.js:9301
requestAnimationFrame (async)
Ticker._tick @ pixi.js:9301
requestAnimationFrame (async)
Ticker._tick @ pixi.js:9301
requestAnimationFrame (async)
Ticker._tick @ pixi.js:9301
requestAnimationFrame (async)
Ticker._tick @ pixi.js:9301
requestAnimationFrame (async)
Ticker._tick @ pixi.js:9301
requestAnimationFrame (async)
Ticker._tick @ pixi.js:9301
requestAnimationFrame (async)
Ticker._tick @ pixi.js:9301
requestAnimationFrame (async)
Ticker._tick @ pixi.js:9301
requestAnimationFrame (async)
Ticker._tick @ pixi.js:9301
requestAnimationFrame (async)
Ticker._tick @ pixi.js:9301
requestAnimationFrame (async)
Ticker._tick @ pixi.js:9301
requestAnimationFrame (async)
Ticker._tick @ pixi.js:9301
requestAnimationFrame (async)
Ticker._tick @ pixi.js:9301
requestAnimationFrame (async)
Ticker._tick @ pixi.js:9301
requestAnimationFrame (async)
Ticker._tick @ pixi.js:9301
requestAnimationFrame (async)
Ticker._tick @ pixi.js:9301
requestAnimationFrame (async)
Ticker._tick @ pixi.js:9301
requestAnimationFrame (async)
Ticker._tick @ pixi.js:9301
requestAnimationFrame (async)
Ticker._tick @ pixi.js:9301
requestAnimationFrame (async)
Ticker._tick @ pixi.js:9301
requestAnimationFrame (async)
Ticker._tick @ pixi.js:9301
MoreBattleAnimations.js:27 Animation ID for current action: 41
MoreBattleAnimations.js:40 Displaying animation on actor: No One
MoreBattleAnimations.js:78 Missing face sprite or animation data for actor: No One
displayAnimationOnFace @ MoreBattleAnimations.js:78
displayAnimationOnTarget @ MoreBattleAnimations.js:41
BattleManager.invokeAction @ MoreBattleAnimations.js:34
BattleManager.updateAction @ rmmz_managers.js:2758
BattleManager.updatePhase @ rmmz_managers.js:2358
BattleManager.update @ rmmz_managers.js:2342
Scene_Battle.updateBattleProcess @ rmmz_scenes.js:3090
Scene_Battle.update @ rmmz_scenes.js:3077
SceneManager.updateScene @ rmmz_managers.js:2103
SceneManager.updateMain @ rmmz_managers.js:2063
SceneManager.update @ rmmz_managers.js:1942
Graphics._onTick @ rmmz_core.js:811
TickerListener.emit @ pixi.js:9093
Ticker.update @ pixi.js:9548
Ticker._tick @ pixi.js:9298
requestAnimationFrame (async)
Ticker._tick @ pixi.js:9301
requestAnimationFrame (async)
Ticker._tick @ pixi.js:9301
requestAnimationFrame (async)
Ticker._tick @ pixi.js:9301
requestAnimationFrame (async)
Ticker._tick @ pixi.js:9301
requestAnimationFrame (async)
Ticker._tick @ pixi.js:9301
requestAnimationFrame (async)
Ticker._tick @ pixi.js:9301
requestAnimationFrame (async)
Ticker._tick @ pixi.js:9301
requestAnimationFrame (async)
Ticker._tick @ pixi.js:9301
requestAnimationFrame (async)
Ticker._tick @ pixi.js:9301
requestAnimationFrame (async)
Ticker._tick @ pixi.js:9301
requestAnimationFrame (async)
Ticker._tick @ pixi.js:9301
requestAnimationFrame (async)
Ticker._tick @ pixi.js:9301
requestAnimationFrame (async)
Ticker._tick @ pixi.js:9301
requestAnimationFrame (async)
Ticker._tick @ pixi.js:9301
requestAnimationFrame (async)
Ticker._tick @ pixi.js:9301
requestAnimationFrame (async)
Ticker._tick @ pixi.js:9301
requestAnimationFrame (async)
Ticker._tick @ pixi.js:9301
requestAnimationFrame (async)
Ticker._tick @ pixi.js:9301
requestAnimationFrame (async)
Ticker._tick @ pixi.js:9301
requestAnimationFrame (async)
Ticker._tick @ pixi.js:9301
requestAnimationFrame (async)
Ticker._tick @ pixi.js:9301
requestAnimationFrame (async)
Ticker._tick @ pixi.js:9301
requestAnimationFrame (async)
Ticker._tick @ pixi.js:9301
requestAnimationFrame (async)
Ticker._tick @ pixi.js:9301
requestAnimationFrame (async)
Ticker._tick @ pixi.js:9301
requestAnimationFrame (async)
Ticker._tick @ pixi.js:9301
requestAnimationFrame (async)
Ticker._tick @ pixi.js:9301
requestAnimationFrame (async)
Ticker._tick @ pixi.js:9301
requestAnimationFrame (async)
Ticker._tick @ pixi.js:9301
requestAnimationFrame (async)
Ticker._tick @ pixi.js:9301
requestAnimationFrame (async)
Ticker._tick @ pixi.js:9301
requestAnimationFrame (async)
Ticker._tick @ pixi.js:9301
MoreBattleAnimations.js:27 Animation ID for current action: -1
MoreBattleAnimations.js:30 No valid animation ID found. Using default (Death) animation.
BattleManager.invokeAction @ MoreBattleAnimations.js:30
BattleManager.updateAction @ rmmz_managers.js:2758
BattleManager.updatePhase @ rmmz_managers.js:2358
BattleManager.update @ rmmz_managers.js:2342
Scene_Battle.updateBattleProcess @ rmmz_scenes.js:3090
Scene_Battle.update @ rmmz_scenes.js:3077
SceneManager.updateScene @ rmmz_managers.js:2103
SceneManager.updateMain @ rmmz_managers.js:2063
SceneManager.update @ rmmz_managers.js:1942
Graphics._onTick @ rmmz_core.js:811
TickerListener.emit @ pixi.js:9093
Ticker.update @ pixi.js:9548
Ticker._tick @ pixi.js:9298
requestAnimationFrame (async)
Ticker._tick @ pixi.js:9301
requestAnimationFrame (async)
Ticker._tick @ pixi.js:9301
requestAnimationFrame (async)
Ticker._tick @ pixi.js:9301
requestAnimationFrame (async)
Ticker._tick @ pixi.js:9301
requestAnimationFrame (async)
Ticker._tick @ pixi.js:9301
requestAnimationFrame (async)
Ticker._tick @ pixi.js:9301
requestAnimationFrame (async)
Ticker._tick @ pixi.js:9301
requestAnimationFrame (async)
Ticker._tick @ pixi.js:9301
requestAnimationFrame (async)
Ticker._tick @ pixi.js:9301
requestAnimationFrame (async)
Ticker._tick @ pixi.js:9301
requestAnimationFrame (async)
Ticker._tick @ pixi.js:9301
requestAnimationFrame (async)
Ticker._tick @ pixi.js:9301
requestAnimationFrame (async)
Ticker._tick @ pixi.js:9301
requestAnimationFrame (async)
Ticker._tick @ pixi.js:9301
requestAnimationFrame (async)
Ticker._tick @ pixi.js:9301
requestAnimationFrame (async)
Ticker._tick @ pixi.js:9301
requestAnimationFrame (async)
Ticker._tick @ pixi.js:9301
requestAnimationFrame (async)
Ticker._tick @ pixi.js:9301
requestAnimationFrame (async)
Ticker._tick @ pixi.js:9301
requestAnimationFrame (async)
Ticker._tick @ pixi.js:9301
requestAnimationFrame (async)
Ticker._tick @ pixi.js:9301
requestAnimationFrame (async)
Ticker._tick @ pixi.js:9301
requestAnimationFrame (async)
Ticker._tick @ pixi.js:9301
requestAnimationFrame (async)
Ticker._tick @ pixi.js:9301
requestAnimationFrame (async)
Ticker._tick @ pixi.js:9301
requestAnimationFrame (async)
Ticker._tick @ pixi.js:9301
requestAnimationFrame (async)
Ticker._tick @ pixi.js:9301
requestAnimationFrame (async)
Ticker._tick @ pixi.js:9301
requestAnimationFrame (async)
Ticker._tick @ pixi.js:9301
requestAnimationFrame (async)
Ticker._tick @ pixi.js:9301
requestAnimationFrame (async)
Ticker._tick @ pixi.js:9301
requestAnimationFrame (async)
Ticker._tick @ pixi.js:9301
MoreBattleAnimations.js:40 Displaying animation on actor: Tairy Greene
MoreBattleAnimations.js:78 Missing face sprite or animation data for actor: Tairy Greene
displayAnimationOnFace @ MoreBattleAnimations.js:78
displayAnimationOnTarget @ MoreBattleAnimations.js:41
BattleManager.invokeAction @ MoreBattleAnimations.js:34
BattleManager.updateAction @ rmmz_managers.js:2758
BattleManager.updatePhase @ rmmz_managers.js:2358
BattleManager.update @ rmmz_managers.js:2342
Scene_Battle.updateBattleProcess @ rmmz_scenes.js:3090
Scene_Battle.update @ rmmz_scenes.js:3077
SceneManager.updateScene @ rmmz_managers.js:2103
SceneManager.updateMain @ rmmz_managers.js:2063
SceneManager.update @ rmmz_managers.js:1942
Graphics._onTick @ rmmz_core.js:811
TickerListener.emit @ pixi.js:9093
Ticker.update @ pixi.js:9548
Ticker._tick @ pixi.js:9298
requestAnimationFrame (async)
Ticker._tick @ pixi.js:9301
requestAnimationFrame (async)
Ticker._tick @ pixi.js:9301
requestAnimationFrame (async)
Ticker._tick @ pixi.js:9301
requestAnimationFrame (async)
Ticker._tick @ pixi.js:9301
requestAnimationFrame (async)
Ticker._tick @ pixi.js:9301
requestAnimationFrame (async)
Ticker._tick @ pixi.js:9301
requestAnimationFrame (async)
Ticker._tick @ pixi.js:9301
requestAnimationFrame (async)
Ticker._tick @ pixi.js:9301
requestAnimationFrame (async)
Ticker._tick @ pixi.js:9301
requestAnimationFrame (async)
Ticker._tick @ pixi.js:9301
requestAnimationFrame (async)
Ticker._tick @ pixi.js:9301
requestAnimationFrame (async)
Ticker._tick @ pixi.js:9301
requestAnimationFrame (async)
Ticker._tick @ pixi.js:9301
requestAnimationFrame (async)
Ticker._tick @ pixi.js:9301
requestAnimationFrame (async)
Ticker._tick @ pixi.js:9301
requestAnimationFrame (async)
Ticker._tick @ pixi.js:9301
requestAnimationFrame (async)
Ticker._tick @ pixi.js:9301
requestAnimationFrame (async)
Ticker._tick @ pixi.js:9301
requestAnimationFrame (async)
Ticker._tick @ pixi.js:9301
requestAnimationFrame (async)
Ticker._tick @ pixi.js:9301
requestAnimationFrame (async)
Ticker._tick @ pixi.js:9301
requestAnimationFrame (async)
Ticker._tick @ pixi.js:9301
requestAnimationFrame (async)
Ticker._tick @ pixi.js:9301
requestAnimationFrame (async)
Ticker._tick @ pixi.js:9301
requestAnimationFrame (async)
Ticker._tick @ pixi.js:9301
requestAnimationFrame (async)
Ticker._tick @ pixi.js:9301
requestAnimationFrame (async)
Ticker._tick @ pixi.js:9301
requestAnimationFrame (async)
Ticker._tick @ pixi.js:9301
requestAnimationFrame (async)
Ticker._tick @ pixi.js:9301
requestAnimationFrame (async)
Ticker._tick @ pixi.js:9301
requestAnimationFrame (async)
Ticker._tick @ pixi.js:9301
requestAnimationFrame (async)
Ticker._tick @ pixi.js:9301
pixi.js:9294 [Violation] 'requestAnimationFrame' handler took 126ms
