DevTools failed to load SourceMap: Could not load content for chrome-extension://njgcanhfjdabfmnlmpmdedalocpafnhl/js/libs/pixi.js.map: System error: net::ERR_FILE_NOT_FOUND
MoreBattleAnimations.js:37 Displaying animation on actor: No One
MoreBattleAnimations.js:115 Status window or face sprites not found.
getFaceSprite @ MoreBattleAnimations.js:115
displayAnimationOnFace @ MoreBattleAnimations.js:47
displayAnimationOnTarget @ MoreBattleAnimations.js:38
BattleManager.invokeAction @ MoreBattleAnimations.js:31
BattleManager.updateAction @ rmmz_managers.js:2758
BattleManager.updatePhase @ rmmz_managers.js:2358
BattleManager.update @ rmmz_managers.js:2342
Scene_Battle.updateBattleProcess @ rmmz_scenes.js:3090
Scene_Battle.update @ rmmz_scenes.js:3077
SceneManager.updateScene @ rmmz_managers.js:2103
SceneManager.updateMain @ rmmz_managers.js:2063
SceneManager.update @ rmmz_managers.js:1942
Graphics._onTick @ rmmz_core.js:811
TickerListener.emit @ pixi.js:9093
Ticker.update @ pixi.js:9548
Ticker._tick @ pixi.js:9298
requestAnimationFrame (async)
Ticker._tick @ pixi.js:9301
requestAnimationFrame (async)
Ticker._tick @ pixi.js:9301
requestAnimationFrame (async)
Ticker._tick @ pixi.js:9301
requestAnimationFrame (async)
Ticker._tick @ pixi.js:9301
requestAnimationFrame (async)
Ticker._tick @ pixi.js:9301
requestAnimationFrame (async)
Ticker._tick @ pixi.js:9301
requestAnimationFrame (async)
Ticker._tick @ pixi.js:9301
requestAnimationFrame (async)
Ticker._tick @ pixi.js:9301
requestAnimationFrame (async)
Ticker._tick @ pixi.js:9301
requestAnimationFrame (async)
Ticker._tick @ pixi.js:9301
requestAnimationFrame (async)
Ticker._tick @ pixi.js:9301
requestAnimationFrame (async)
Ticker._tick @ pixi.js:9301
requestAnimationFrame (async)
Ticker._tick @ pixi.js:9301
requestAnimationFrame (async)
Ticker._tick @ pixi.js:9301
requestAnimationFrame (async)
Ticker._tick @ pixi.js:9301
requestAnimationFrame (async)
Ticker._tick @ pixi.js:9301
requestAnimationFrame (async)
Ticker._tick @ pixi.js:9301
requestAnimationFrame (async)
Ticker._tick @ pixi.js:9301
requestAnimationFrame (async)
Ticker._tick @ pixi.js:9301
requestAnimationFrame (async)
Ticker._tick @ pixi.js:9301
requestAnimationFrame (async)
Ticker._tick @ pixi.js:9301
requestAnimationFrame (async)
Ticker._tick @ pixi.js:9301
requestAnimationFrame (async)
Ticker._tick @ pixi.js:9301
requestAnimationFrame (async)
Ticker._tick @ pixi.js:9301
requestAnimationFrame (async)
Ticker._tick @ pixi.js:9301
requestAnimationFrame (async)
Ticker._tick @ pixi.js:9301
requestAnimationFrame (async)
Ticker._tick @ pixi.js:9301
requestAnimationFrame (async)
Ticker._tick @ pixi.js:9301
requestAnimationFrame (async)
Ticker._tick @ pixi.js:9301
requestAnimationFrame (async)
Ticker._tick @ pixi.js:9301
requestAnimationFrame (async)
Ticker._tick @ pixi.js:9301
requestAnimationFrame (async)
Ticker._tick @ pixi.js:9301
MoreBattleAnimations.js:72 Missing face sprite or animation data for actor: No One
displayAnimationOnFace @ MoreBattleAnimations.js:72
displayAnimationOnTarget @ MoreBattleAnimations.js:38
BattleManager.invokeAction @ MoreBattleAnimations.js:31
BattleManager.updateAction @ rmmz_managers.js:2758
BattleManager.updatePhase @ rmmz_managers.js:2358
BattleManager.update @ rmmz_managers.js:2342
Scene_Battle.updateBattleProcess @ rmmz_scenes.js:3090
Scene_Battle.update @ rmmz_scenes.js:3077
SceneManager.updateScene @ rmmz_managers.js:2103
SceneManager.updateMain @ rmmz_managers.js:2063
SceneManager.update @ rmmz_managers.js:1942
Graphics._onTick @ rmmz_core.js:811
TickerListener.emit @ pixi.js:9093
Ticker.update @ pixi.js:9548
Ticker._tick @ pixi.js:9298
requestAnimationFrame (async)
Ticker._tick @ pixi.js:9301
requestAnimationFrame (async)
Ticker._tick @ pixi.js:9301
requestAnimationFrame (async)
Ticker._tick @ pixi.js:9301
requestAnimationFrame (async)
Ticker._tick @ pixi.js:9301
requestAnimationFrame (async)
Ticker._tick @ pixi.js:9301
requestAnimationFrame (async)
Ticker._tick @ pixi.js:9301
requestAnimationFrame (async)
Ticker._tick @ pixi.js:9301
requestAnimationFrame (async)
Ticker._tick @ pixi.js:9301
requestAnimationFrame (async)
Ticker._tick @ pixi.js:9301
requestAnimationFrame (async)
Ticker._tick @ pixi.js:9301
requestAnimationFrame (async)
Ticker._tick @ pixi.js:9301
requestAnimationFrame (async)
Ticker._tick @ pixi.js:9301
requestAnimationFrame (async)
Ticker._tick @ pixi.js:9301
requestAnimationFrame (async)
Ticker._tick @ pixi.js:9301
requestAnimationFrame (async)
Ticker._tick @ pixi.js:9301
requestAnimationFrame (async)
Ticker._tick @ pixi.js:9301
requestAnimationFrame (async)
Ticker._tick @ pixi.js:9301
requestAnimationFrame (async)
Ticker._tick @ pixi.js:9301
requestAnimationFrame (async)
Ticker._tick @ pixi.js:9301
requestAnimationFrame (async)
Ticker._tick @ pixi.js:9301
requestAnimationFrame (async)
Ticker._tick @ pixi.js:9301
requestAnimationFrame (async)
Ticker._tick @ pixi.js:9301
requestAnimationFrame (async)
Ticker._tick @ pixi.js:9301
requestAnimationFrame (async)
Ticker._tick @ pixi.js:9301
requestAnimationFrame (async)
Ticker._tick @ pixi.js:9301
requestAnimationFrame (async)
Ticker._tick @ pixi.js:9301
requestAnimationFrame (async)
Ticker._tick @ pixi.js:9301
requestAnimationFrame (async)
Ticker._tick @ pixi.js:9301
requestAnimationFrame (async)
Ticker._tick @ pixi.js:9301
requestAnimationFrame (async)
Ticker._tick @ pixi.js:9301
requestAnimationFrame (async)
Ticker._tick @ pixi.js:9301
requestAnimationFrame (async)
Ticker._tick @ pixi.js:9301
MoreBattleAnimations.js:27 No valid animation ID found. Using default (Death) animation.
BattleManager.invokeAction @ MoreBattleAnimations.js:27
BattleManager.updateAction @ rmmz_managers.js:2758
BattleManager.updatePhase @ rmmz_managers.js:2358
BattleManager.update @ rmmz_managers.js:2342
Scene_Battle.updateBattleProcess @ rmmz_scenes.js:3090
Scene_Battle.update @ rmmz_scenes.js:3077
SceneManager.updateScene @ rmmz_managers.js:2103
SceneManager.updateMain @ rmmz_managers.js:2063
SceneManager.update @ rmmz_managers.js:1942
Graphics._onTick @ rmmz_core.js:811
TickerListener.emit @ pixi.js:9093
Ticker.update @ pixi.js:9548
Ticker._tick @ pixi.js:9298
requestAnimationFrame (async)
Ticker._tick @ pixi.js:9301
requestAnimationFrame (async)
Ticker._tick @ pixi.js:9301
requestAnimationFrame (async)
Ticker._tick @ pixi.js:9301
requestAnimationFrame (async)
Ticker._tick @ pixi.js:9301
requestAnimationFrame (async)
Ticker._tick @ pixi.js:9301
requestAnimationFrame (async)
Ticker._tick @ pixi.js:9301
requestAnimationFrame (async)
Ticker._tick @ pixi.js:9301
requestAnimationFrame (async)
Ticker._tick @ pixi.js:9301
requestAnimationFrame (async)
Ticker._tick @ pixi.js:9301
requestAnimationFrame (async)
Ticker._tick @ pixi.js:9301
requestAnimationFrame (async)
Ticker._tick @ pixi.js:9301
requestAnimationFrame (async)
Ticker._tick @ pixi.js:9301
requestAnimationFrame (async)
Ticker._tick @ pixi.js:9301
requestAnimationFrame (async)
Ticker._tick @ pixi.js:9301
requestAnimationFrame (async)
Ticker._tick @ pixi.js:9301
requestAnimationFrame (async)
Ticker._tick @ pixi.js:9301
requestAnimationFrame (async)
Ticker._tick @ pixi.js:9301
requestAnimationFrame (async)
Ticker._tick @ pixi.js:9301
requestAnimationFrame (async)
Ticker._tick @ pixi.js:9301
requestAnimationFrame (async)
Ticker._tick @ pixi.js:9301
requestAnimationFrame (async)
Ticker._tick @ pixi.js:9301
requestAnimationFrame (async)
Ticker._tick @ pixi.js:9301
requestAnimationFrame (async)
Ticker._tick @ pixi.js:9301
requestAnimationFrame (async)
Ticker._tick @ pixi.js:9301
requestAnimationFrame (async)
Ticker._tick @ pixi.js:9301
requestAnimationFrame (async)
Ticker._tick @ pixi.js:9301
requestAnimationFrame (async)
Ticker._tick @ pixi.js:9301
requestAnimationFrame (async)
Ticker._tick @ pixi.js:9301
requestAnimationFrame (async)
Ticker._tick @ pixi.js:9301
requestAnimationFrame (async)
Ticker._tick @ pixi.js:9301
requestAnimationFrame (async)
Ticker._tick @ pixi.js:9301
requestAnimationFrame (async)
Ticker._tick @ pixi.js:9301
MoreBattleAnimations.js:37 Displaying animation on actor: No One
MoreBattleAnimations.js:115 Status window or face sprites not found.
getFaceSprite @ MoreBattleAnimations.js:115
displayAnimationOnFace @ MoreBattleAnimations.js:47
displayAnimationOnTarget @ MoreBattleAnimations.js:38
BattleManager.invokeAction @ MoreBattleAnimations.js:31
BattleManager.updateAction @ rmmz_managers.js:2758
BattleManager.updatePhase @ rmmz_managers.js:2358
BattleManager.update @ rmmz_managers.js:2342
Scene_Battle.updateBattleProcess @ rmmz_scenes.js:3090
Scene_Battle.update @ rmmz_scenes.js:3077
SceneManager.updateScene @ rmmz_managers.js:2103
SceneManager.updateMain @ rmmz_managers.js:2063
SceneManager.update @ rmmz_managers.js:1942
Graphics._onTick @ rmmz_core.js:811
TickerListener.emit @ pixi.js:9093
Ticker.update @ pixi.js:9548
Ticker._tick @ pixi.js:9298
requestAnimationFrame (async)
Ticker._tick @ pixi.js:9301
requestAnimationFrame (async)
Ticker._tick @ pixi.js:9301
requestAnimationFrame (async)
Ticker._tick @ pixi.js:9301
requestAnimationFrame (async)
Ticker._tick @ pixi.js:9301
requestAnimationFrame (async)
Ticker._tick @ pixi.js:9301
requestAnimationFrame (async)
Ticker._tick @ pixi.js:9301
requestAnimationFrame (async)
Ticker._tick @ pixi.js:9301
requestAnimationFrame (async)
Ticker._tick @ pixi.js:9301
requestAnimationFrame (async)
Ticker._tick @ pixi.js:9301
requestAnimationFrame (async)
Ticker._tick @ pixi.js:9301
requestAnimationFrame (async)
Ticker._tick @ pixi.js:9301
requestAnimationFrame (async)
Ticker._tick @ pixi.js:9301
requestAnimationFrame (async)
Ticker._tick @ pixi.js:9301
requestAnimationFrame (async)
Ticker._tick @ pixi.js:9301
requestAnimationFrame (async)
Ticker._tick @ pixi.js:9301
requestAnimationFrame (async)
Ticker._tick @ pixi.js:9301
requestAnimationFrame (async)
Ticker._tick @ pixi.js:9301
requestAnimationFrame (async)
Ticker._tick @ pixi.js:9301
requestAnimationFrame (async)
Ticker._tick @ pixi.js:9301
requestAnimationFrame (async)
Ticker._tick @ pixi.js:9301
requestAnimationFrame (async)
Ticker._tick @ pixi.js:9301
requestAnimationFrame (async)
Ticker._tick @ pixi.js:9301
requestAnimationFrame (async)
Ticker._tick @ pixi.js:9301
requestAnimationFrame (async)
Ticker._tick @ pixi.js:9301
requestAnimationFrame (async)
Ticker._tick @ pixi.js:9301
requestAnimationFrame (async)
Ticker._tick @ pixi.js:9301
requestAnimationFrame (async)
Ticker._tick @ pixi.js:9301
requestAnimationFrame (async)
Ticker._tick @ pixi.js:9301
requestAnimationFrame (async)
Ticker._tick @ pixi.js:9301
requestAnimationFrame (async)
Ticker._tick @ pixi.js:9301
requestAnimationFrame (async)
Ticker._tick @ pixi.js:9301
requestAnimationFrame (async)
Ticker._tick @ pixi.js:9301
MoreBattleAnimations.js:72 Missing face sprite or animation data for actor: No One
displayAnimationOnFace @ MoreBattleAnimations.js:72
displayAnimationOnTarget @ MoreBattleAnimations.js:38
BattleManager.invokeAction @ MoreBattleAnimations.js:31
BattleManager.updateAction @ rmmz_managers.js:2758
BattleManager.updatePhase @ rmmz_managers.js:2358
BattleManager.update @ rmmz_managers.js:2342
Scene_Battle.updateBattleProcess @ rmmz_scenes.js:3090
Scene_Battle.update @ rmmz_scenes.js:3077
SceneManager.updateScene @ rmmz_managers.js:2103
SceneManager.updateMain @ rmmz_managers.js:2063
SceneManager.update @ rmmz_managers.js:1942
Graphics._onTick @ rmmz_core.js:811
TickerListener.emit @ pixi.js:9093
Ticker.update @ pixi.js:9548
Ticker._tick @ pixi.js:9298
requestAnimationFrame (async)
Ticker._tick @ pixi.js:9301
requestAnimationFrame (async)
Ticker._tick @ pixi.js:9301
requestAnimationFrame (async)
Ticker._tick @ pixi.js:9301
requestAnimationFrame (async)
Ticker._tick @ pixi.js:9301
requestAnimationFrame (async)
Ticker._tick @ pixi.js:9301
requestAnimationFrame (async)
Ticker._tick @ pixi.js:9301
requestAnimationFrame (async)
Ticker._tick @ pixi.js:9301
requestAnimationFrame (async)
Ticker._tick @ pixi.js:9301
requestAnimationFrame (async)
Ticker._tick @ pixi.js:9301
requestAnimationFrame (async)
Ticker._tick @ pixi.js:9301
requestAnimationFrame (async)
Ticker._tick @ pixi.js:9301
requestAnimationFrame (async)
Ticker._tick @ pixi.js:9301
requestAnimationFrame (async)
Ticker._tick @ pixi.js:9301
requestAnimationFrame (async)
Ticker._tick @ pixi.js:9301
requestAnimationFrame (async)
Ticker._tick @ pixi.js:9301
requestAnimationFrame (async)
Ticker._tick @ pixi.js:9301
requestAnimationFrame (async)
Ticker._tick @ pixi.js:9301
requestAnimationFrame (async)
Ticker._tick @ pixi.js:9301
requestAnimationFrame (async)
Ticker._tick @ pixi.js:9301
requestAnimationFrame (async)
Ticker._tick @ pixi.js:9301
requestAnimationFrame (async)
Ticker._tick @ pixi.js:9301
requestAnimationFrame (async)
Ticker._tick @ pixi.js:9301
requestAnimationFrame (async)
Ticker._tick @ pixi.js:9301
requestAnimationFrame (async)
Ticker._tick @ pixi.js:9301
requestAnimationFrame (async)
Ticker._tick @ pixi.js:9301
requestAnimationFrame (async)
Ticker._tick @ pixi.js:9301
requestAnimationFrame (async)
Ticker._tick @ pixi.js:9301
requestAnimationFrame (async)
Ticker._tick @ pixi.js:9301
requestAnimationFrame (async)
Ticker._tick @ pixi.js:9301
requestAnimationFrame (async)
Ticker._tick @ pixi.js:9301
requestAnimationFrame (async)
Ticker._tick @ pixi.js:9301
requestAnimationFrame (async)
Ticker._tick @ pixi.js:9301
MoreBattleAnimations.js:27 No valid animation ID found. Using default (Death) animation.
BattleManager.invokeAction @ MoreBattleAnimations.js:27
BattleManager.updateAction @ rmmz_managers.js:2758
BattleManager.updatePhase @ rmmz_managers.js:2358
BattleManager.update @ rmmz_managers.js:2342
Scene_Battle.updateBattleProcess @ rmmz_scenes.js:3090
Scene_Battle.update @ rmmz_scenes.js:3077
SceneManager.updateScene @ rmmz_managers.js:2103
SceneManager.updateMain @ rmmz_managers.js:2063
SceneManager.update @ rmmz_managers.js:1942
Graphics._onTick @ rmmz_core.js:811
TickerListener.emit @ pixi.js:9093
Ticker.update @ pixi.js:9548
Ticker._tick @ pixi.js:9298
requestAnimationFrame (async)
Ticker._tick @ pixi.js:9301
requestAnimationFrame (async)
Ticker._tick @ pixi.js:9301
requestAnimationFrame (async)
Ticker._tick @ pixi.js:9301
requestAnimationFrame (async)
Ticker._tick @ pixi.js:9301
requestAnimationFrame (async)
Ticker._tick @ pixi.js:9301
requestAnimationFrame (async)
Ticker._tick @ pixi.js:9301
requestAnimationFrame (async)
Ticker._tick @ pixi.js:9301
requestAnimationFrame (async)
Ticker._tick @ pixi.js:9301
requestAnimationFrame (async)
Ticker._tick @ pixi.js:9301
requestAnimationFrame (async)
Ticker._tick @ pixi.js:9301
requestAnimationFrame (async)
Ticker._tick @ pixi.js:9301
requestAnimationFrame (async)
Ticker._tick @ pixi.js:9301
requestAnimationFrame (async)
Ticker._tick @ pixi.js:9301
requestAnimationFrame (async)
Ticker._tick @ pixi.js:9301
requestAnimationFrame (async)
Ticker._tick @ pixi.js:9301
requestAnimationFrame (async)
Ticker._tick @ pixi.js:9301
requestAnimationFrame (async)
Ticker._tick @ pixi.js:9301
requestAnimationFrame (async)
Ticker._tick @ pixi.js:9301
requestAnimationFrame (async)
Ticker._tick @ pixi.js:9301
requestAnimationFrame (async)
Ticker._tick @ pixi.js:9301
requestAnimationFrame (async)
Ticker._tick @ pixi.js:9301
requestAnimationFrame (async)
Ticker._tick @ pixi.js:9301
requestAnimationFrame (async)
Ticker._tick @ pixi.js:9301
requestAnimationFrame (async)
Ticker._tick @ pixi.js:9301
requestAnimationFrame (async)
Ticker._tick @ pixi.js:9301
requestAnimationFrame (async)
Ticker._tick @ pixi.js:9301
requestAnimationFrame (async)
Ticker._tick @ pixi.js:9301
requestAnimationFrame (async)
Ticker._tick @ pixi.js:9301
requestAnimationFrame (async)
Ticker._tick @ pixi.js:9301
requestAnimationFrame (async)
Ticker._tick @ pixi.js:9301
requestAnimationFrame (async)
Ticker._tick @ pixi.js:9301
requestAnimationFrame (async)
Ticker._tick @ pixi.js:9301
MoreBattleAnimations.js:40 Displaying animation on enemy: Gacy A
MoreBattleAnimations.js:96 Invalid animation data for enemy: Gacy A
displayAnimationOnEnemy @ MoreBattleAnimations.js:96
displayAnimationOnTarget @ MoreBattleAnimations.js:41
BattleManager.invokeAction @ MoreBattleAnimations.js:31
BattleManager.updateAction @ rmmz_managers.js:2758
BattleManager.updatePhase @ rmmz_managers.js:2358
BattleManager.update @ rmmz_managers.js:2342
Scene_Battle.updateBattleProcess @ rmmz_scenes.js:3090
Scene_Battle.update @ rmmz_scenes.js:3077
SceneManager.updateScene @ rmmz_managers.js:2103
SceneManager.updateMain @ rmmz_managers.js:2063
SceneManager.update @ rmmz_managers.js:1942
Graphics._onTick @ rmmz_core.js:811
TickerListener.emit @ pixi.js:9093
Ticker.update @ pixi.js:9548
Ticker._tick @ pixi.js:9298
requestAnimationFrame (async)
Ticker._tick @ pixi.js:9301
requestAnimationFrame (async)
Ticker._tick @ pixi.js:9301
requestAnimationFrame (async)
Ticker._tick @ pixi.js:9301
requestAnimationFrame (async)
Ticker._tick @ pixi.js:9301
requestAnimationFrame (async)
Ticker._tick @ pixi.js:9301
requestAnimationFrame (async)
Ticker._tick @ pixi.js:9301
requestAnimationFrame (async)
Ticker._tick @ pixi.js:9301
requestAnimationFrame (async)
Ticker._tick @ pixi.js:9301
requestAnimationFrame (async)
Ticker._tick @ pixi.js:9301
requestAnimationFrame (async)
Ticker._tick @ pixi.js:9301
requestAnimationFrame (async)
Ticker._tick @ pixi.js:9301
requestAnimationFrame (async)
Ticker._tick @ pixi.js:9301
requestAnimationFrame (async)
Ticker._tick @ pixi.js:9301
requestAnimationFrame (async)
Ticker._tick @ pixi.js:9301
requestAnimationFrame (async)
Ticker._tick @ pixi.js:9301
requestAnimationFrame (async)
Ticker._tick @ pixi.js:9301
requestAnimationFrame (async)
Ticker._tick @ pixi.js:9301
requestAnimationFrame (async)
Ticker._tick @ pixi.js:9301
requestAnimationFrame (async)
Ticker._tick @ pixi.js:9301
requestAnimationFrame (async)
Ticker._tick @ pixi.js:9301
requestAnimationFrame (async)
Ticker._tick @ pixi.js:9301
requestAnimationFrame (async)
Ticker._tick @ pixi.js:9301
requestAnimationFrame (async)
Ticker._tick @ pixi.js:9301
requestAnimationFrame (async)
Ticker._tick @ pixi.js:9301
requestAnimationFrame (async)
Ticker._tick @ pixi.js:9301
requestAnimationFrame (async)
Ticker._tick @ pixi.js:9301
requestAnimationFrame (async)
Ticker._tick @ pixi.js:9301
requestAnimationFrame (async)
Ticker._tick @ pixi.js:9301
requestAnimationFrame (async)
Ticker._tick @ pixi.js:9301
requestAnimationFrame (async)
Ticker._tick @ pixi.js:9301
requestAnimationFrame (async)
Ticker._tick @ pixi.js:9301
requestAnimationFrame (async)
Ticker._tick @ pixi.js:9301
MoreBattleAnimations.js:27 No valid animation ID found. Using default (Death) animation.
BattleManager.invokeAction @ MoreBattleAnimations.js:27
BattleManager.updateAction @ rmmz_managers.js:2758
BattleManager.updatePhase @ rmmz_managers.js:2358
BattleManager.update @ rmmz_managers.js:2342
Scene_Battle.updateBattleProcess @ rmmz_scenes.js:3090
Scene_Battle.update @ rmmz_scenes.js:3077
SceneManager.updateScene @ rmmz_managers.js:2103
SceneManager.updateMain @ rmmz_managers.js:2063
SceneManager.update @ rmmz_managers.js:1942
Graphics._onTick @ rmmz_core.js:811
TickerListener.emit @ pixi.js:9093
Ticker.update @ pixi.js:9548
Ticker._tick @ pixi.js:9298
requestAnimationFrame (async)
Ticker._tick @ pixi.js:9301
requestAnimationFrame (async)
Ticker._tick @ pixi.js:9301
requestAnimationFrame (async)
Ticker._tick @ pixi.js:9301
requestAnimationFrame (async)
Ticker._tick @ pixi.js:9301
requestAnimationFrame (async)
Ticker._tick @ pixi.js:9301
requestAnimationFrame (async)
Ticker._tick @ pixi.js:9301
requestAnimationFrame (async)
Ticker._tick @ pixi.js:9301
requestAnimationFrame (async)
Ticker._tick @ pixi.js:9301
requestAnimationFrame (async)
Ticker._tick @ pixi.js:9301
requestAnimationFrame (async)
Ticker._tick @ pixi.js:9301
requestAnimationFrame (async)
Ticker._tick @ pixi.js:9301
requestAnimationFrame (async)
Ticker._tick @ pixi.js:9301
requestAnimationFrame (async)
Ticker._tick @ pixi.js:9301
requestAnimationFrame (async)
Ticker._tick @ pixi.js:9301
requestAnimationFrame (async)
Ticker._tick @ pixi.js:9301
requestAnimationFrame (async)
Ticker._tick @ pixi.js:9301
requestAnimationFrame (async)
Ticker._tick @ pixi.js:9301
requestAnimationFrame (async)
Ticker._tick @ pixi.js:9301
requestAnimationFrame (async)
Ticker._tick @ pixi.js:9301
requestAnimationFrame (async)
Ticker._tick @ pixi.js:9301
requestAnimationFrame (async)
Ticker._tick @ pixi.js:9301
requestAnimationFrame (async)
Ticker._tick @ pixi.js:9301
requestAnimationFrame (async)
Ticker._tick @ pixi.js:9301
requestAnimationFrame (async)
Ticker._tick @ pixi.js:9301
requestAnimationFrame (async)
Ticker._tick @ pixi.js:9301
requestAnimationFrame (async)
Ticker._tick @ pixi.js:9301
requestAnimationFrame (async)
Ticker._tick @ pixi.js:9301
requestAnimationFrame (async)
Ticker._tick @ pixi.js:9301
requestAnimationFrame (async)
Ticker._tick @ pixi.js:9301
requestAnimationFrame (async)
Ticker._tick @ pixi.js:9301
requestAnimationFrame (async)
Ticker._tick @ pixi.js:9301
requestAnimationFrame (async)
Ticker._tick @ pixi.js:9301
MoreBattleAnimations.js:37 Displaying animation on actor: No One
MoreBattleAnimations.js:115 Status window or face sprites not found.
getFaceSprite @ MoreBattleAnimations.js:115
displayAnimationOnFace @ MoreBattleAnimations.js:47
displayAnimationOnTarget @ MoreBattleAnimations.js:38
BattleManager.invokeAction @ MoreBattleAnimations.js:31
BattleManager.updateAction @ rmmz_managers.js:2758
BattleManager.updatePhase @ rmmz_managers.js:2358
BattleManager.update @ rmmz_managers.js:2342
Scene_Battle.updateBattleProcess @ rmmz_scenes.js:3090
Scene_Battle.update @ rmmz_scenes.js:3077
SceneManager.updateScene @ rmmz_managers.js:2103
SceneManager.updateMain @ rmmz_managers.js:2063
SceneManager.update @ rmmz_managers.js:1942
Graphics._onTick @ rmmz_core.js:811
TickerListener.emit @ pixi.js:9093
Ticker.update @ pixi.js:9548
Ticker._tick @ pixi.js:9298
requestAnimationFrame (async)
Ticker._tick @ pixi.js:9301
requestAnimationFrame (async)
Ticker._tick @ pixi.js:9301
requestAnimationFrame (async)
Ticker._tick @ pixi.js:9301
requestAnimationFrame (async)
Ticker._tick @ pixi.js:9301
requestAnimationFrame (async)
Ticker._tick @ pixi.js:9301
requestAnimationFrame (async)
Ticker._tick @ pixi.js:9301
requestAnimationFrame (async)
Ticker._tick @ pixi.js:9301
requestAnimationFrame (async)
Ticker._tick @ pixi.js:9301
requestAnimationFrame (async)
Ticker._tick @ pixi.js:9301
requestAnimationFrame (async)
Ticker._tick @ pixi.js:9301
requestAnimationFrame (async)
Ticker._tick @ pixi.js:9301
requestAnimationFrame (async)
Ticker._tick @ pixi.js:9301
requestAnimationFrame (async)
Ticker._tick @ pixi.js:9301
requestAnimationFrame (async)
Ticker._tick @ pixi.js:9301
requestAnimationFrame (async)
Ticker._tick @ pixi.js:9301
requestAnimationFrame (async)
Ticker._tick @ pixi.js:9301
requestAnimationFrame (async)
Ticker._tick @ pixi.js:9301
requestAnimationFrame (async)
Ticker._tick @ pixi.js:9301
requestAnimationFrame (async)
Ticker._tick @ pixi.js:9301
requestAnimationFrame (async)
Ticker._tick @ pixi.js:9301
requestAnimationFrame (async)
Ticker._tick @ pixi.js:9301
requestAnimationFrame (async)
Ticker._tick @ pixi.js:9301
requestAnimationFrame (async)
Ticker._tick @ pixi.js:9301
requestAnimationFrame (async)
Ticker._tick @ pixi.js:9301
requestAnimationFrame (async)
Ticker._tick @ pixi.js:9301
requestAnimationFrame (async)
Ticker._tick @ pixi.js:9301
requestAnimationFrame (async)
Ticker._tick @ pixi.js:9301
requestAnimationFrame (async)
Ticker._tick @ pixi.js:9301
requestAnimationFrame (async)
Ticker._tick @ pixi.js:9301
requestAnimationFrame (async)
Ticker._tick @ pixi.js:9301
requestAnimationFrame (async)
Ticker._tick @ pixi.js:9301
requestAnimationFrame (async)
Ticker._tick @ pixi.js:9301
MoreBattleAnimations.js:72 Missing face sprite or animation data for actor: No One
displayAnimationOnFace @ MoreBattleAnimations.js:72
displayAnimationOnTarget @ MoreBattleAnimations.js:38
BattleManager.invokeAction @ MoreBattleAnimations.js:31
BattleManager.updateAction @ rmmz_managers.js:2758
BattleManager.updatePhase @ rmmz_managers.js:2358
BattleManager.update @ rmmz_managers.js:2342
Scene_Battle.updateBattleProcess @ rmmz_scenes.js:3090
Scene_Battle.update @ rmmz_scenes.js:3077
SceneManager.updateScene @ rmmz_managers.js:2103
SceneManager.updateMain @ rmmz_managers.js:2063
SceneManager.update @ rmmz_managers.js:1942
Graphics._onTick @ rmmz_core.js:811
TickerListener.emit @ pixi.js:9093
Ticker.update @ pixi.js:9548
Ticker._tick @ pixi.js:9298
requestAnimationFrame (async)
Ticker._tick @ pixi.js:9301
requestAnimationFrame (async)
Ticker._tick @ pixi.js:9301
requestAnimationFrame (async)
Ticker._tick @ pixi.js:9301
requestAnimationFrame (async)
Ticker._tick @ pixi.js:9301
requestAnimationFrame (async)
Ticker._tick @ pixi.js:9301
requestAnimationFrame (async)
Ticker._tick @ pixi.js:9301
requestAnimationFrame (async)
Ticker._tick @ pixi.js:9301
requestAnimationFrame (async)
Ticker._tick @ pixi.js:9301
requestAnimationFrame (async)
Ticker._tick @ pixi.js:9301
requestAnimationFrame (async)
Ticker._tick @ pixi.js:9301
requestAnimationFrame (async)
Ticker._tick @ pixi.js:9301
requestAnimationFrame (async)
Ticker._tick @ pixi.js:9301
requestAnimationFrame (async)
Ticker._tick @ pixi.js:9301
requestAnimationFrame (async)
Ticker._tick @ pixi.js:9301
requestAnimationFrame (async)
Ticker._tick @ pixi.js:9301
requestAnimationFrame (async)
Ticker._tick @ pixi.js:9301
requestAnimationFrame (async)
Ticker._tick @ pixi.js:9301
requestAnimationFrame (async)
Ticker._tick @ pixi.js:9301
requestAnimationFrame (async)
Ticker._tick @ pixi.js:9301
requestAnimationFrame (async)
Ticker._tick @ pixi.js:9301
requestAnimationFrame (async)
Ticker._tick @ pixi.js:9301
requestAnimationFrame (async)
Ticker._tick @ pixi.js:9301
requestAnimationFrame (async)
Ticker._tick @ pixi.js:9301
requestAnimationFrame (async)
Ticker._tick @ pixi.js:9301
requestAnimationFrame (async)
Ticker._tick @ pixi.js:9301
requestAnimationFrame (async)
Ticker._tick @ pixi.js:9301
requestAnimationFrame (async)
Ticker._tick @ pixi.js:9301
requestAnimationFrame (async)
Ticker._tick @ pixi.js:9301
requestAnimationFrame (async)
Ticker._tick @ pixi.js:9301
requestAnimationFrame (async)
Ticker._tick @ pixi.js:9301
requestAnimationFrame (async)
Ticker._tick @ pixi.js:9301
requestAnimationFrame (async)
Ticker._tick @ pixi.js:9301
