MoreBattleAnimations.js:32 No valid animation ID found for this action.
BattleManager.invokeAction @ MoreBattleAnimations.js:32
BattleManager.updateAction @ rmmz_managers.js:2758
BattleManager.updatePhase @ rmmz_managers.js:2358
BattleManager.update @ rmmz_managers.js:2342
Scene_Battle.updateBattleProcess @ rmmz_scenes.js:3090
Scene_Battle.update @ rmmz_scenes.js:3077
SceneManager.updateScene @ rmmz_managers.js:2103
SceneManager.updateMain @ rmmz_managers.js:2063
SceneManager.update @ rmmz_managers.js:1942
Graphics._onTick @ rmmz_core.js:811
TickerListener.emit @ pixi.js:9093
Ticker.update @ pixi.js:9548
Ticker._tick @ pixi.js:9298
requestAnimationFrame (async)
Ticker._tick @ pixi.js:9301
requestAnimationFrame (async)
Ticker._tick @ pixi.js:9301
requestAnimationFrame (async)
Ticker._tick @ pixi.js:9301
requestAnimationFrame (async)
Ticker._tick @ pixi.js:9301
requestAnimationFrame (async)
Ticker._tick @ pixi.js:9301
requestAnimationFrame (async)
Ticker._tick @ pixi.js:9301
requestAnimationFrame (async)
Ticker._tick @ pixi.js:9301
requestAnimationFrame (async)
Ticker._tick @ pixi.js:9301
requestAnimationFrame (async)
Ticker._tick @ pixi.js:9301
requestAnimationFrame (async)
Ticker._tick @ pixi.js:9301
requestAnimationFrame (async)
Ticker._tick @ pixi.js:9301
requestAnimationFrame (async)
Ticker._tick @ pixi.js:9301
requestAnimationFrame (async)
Ticker._tick @ pixi.js:9301
requestAnimationFrame (async)
Ticker._tick @ pixi.js:9301
requestAnimationFrame (async)
Ticker._tick @ pixi.js:9301
requestAnimationFrame (async)
Ticker._tick @ pixi.js:9301
requestAnimationFrame (async)
Ticker._tick @ pixi.js:9301
requestAnimationFrame (async)
Ticker._tick @ pixi.js:9301
requestAnimationFrame (async)
Ticker._tick @ pixi.js:9301
requestAnimationFrame (async)
Ticker._tick @ pixi.js:9301
requestAnimationFrame (async)
Ticker._tick @ pixi.js:9301
requestAnimationFrame (async)
Ticker._tick @ pixi.js:9301
requestAnimationFrame (async)
Ticker._tick @ pixi.js:9301
requestAnimationFrame (async)
Ticker._tick @ pixi.js:9301
requestAnimationFrame (async)
Ticker._tick @ pixi.js:9301
requestAnimationFrame (async)
Ticker._tick @ pixi.js:9301
requestAnimationFrame (async)
Ticker._tick @ pixi.js:9301
requestAnimationFrame (async)
Ticker._tick @ pixi.js:9301
requestAnimationFrame (async)
Ticker._tick @ pixi.js:9301
requestAnimationFrame (async)
Ticker._tick @ pixi.js:9301
requestAnimationFrame (async)
Ticker._tick @ pixi.js:9301
requestAnimationFrame (async)
Ticker._tick @ pixi.js:9301
MoreBattleAnimations.js:32 No valid animation ID found for this action.
BattleManager.invokeAction @ MoreBattleAnimations.js:32
BattleManager.updateAction @ rmmz_managers.js:2758
BattleManager.updatePhase @ rmmz_managers.js:2358
BattleManager.update @ rmmz_managers.js:2342
Scene_Battle.updateBattleProcess @ rmmz_scenes.js:3090
Scene_Battle.update @ rmmz_scenes.js:3077
SceneManager.updateScene @ rmmz_managers.js:2103
SceneManager.updateMain @ rmmz_managers.js:2063
SceneManager.update @ rmmz_managers.js:1942
Graphics._onTick @ rmmz_core.js:811
TickerListener.emit @ pixi.js:9093
Ticker.update @ pixi.js:9548
Ticker._tick @ pixi.js:9298
requestAnimationFrame (async)
Ticker._tick @ pixi.js:9301
requestAnimationFrame (async)
Ticker._tick @ pixi.js:9301
requestAnimationFrame (async)
Ticker._tick @ pixi.js:9301
requestAnimationFrame (async)
Ticker._tick @ pixi.js:9301
requestAnimationFrame (async)
Ticker._tick @ pixi.js:9301
requestAnimationFrame (async)
Ticker._tick @ pixi.js:9301
requestAnimationFrame (async)
Ticker._tick @ pixi.js:9301
requestAnimationFrame (async)
Ticker._tick @ pixi.js:9301
requestAnimationFrame (async)
Ticker._tick @ pixi.js:9301
requestAnimationFrame (async)
Ticker._tick @ pixi.js:9301
requestAnimationFrame (async)
Ticker._tick @ pixi.js:9301
requestAnimationFrame (async)
Ticker._tick @ pixi.js:9301
requestAnimationFrame (async)
Ticker._tick @ pixi.js:9301
requestAnimationFrame (async)
Ticker._tick @ pixi.js:9301
requestAnimationFrame (async)
Ticker._tick @ pixi.js:9301
requestAnimationFrame (async)
Ticker._tick @ pixi.js:9301
requestAnimationFrame (async)
Ticker._tick @ pixi.js:9301
requestAnimationFrame (async)
Ticker._tick @ pixi.js:9301
requestAnimationFrame (async)
Ticker._tick @ pixi.js:9301
requestAnimationFrame (async)
Ticker._tick @ pixi.js:9301
requestAnimationFrame (async)
Ticker._tick @ pixi.js:9301
requestAnimationFrame (async)
Ticker._tick @ pixi.js:9301
requestAnimationFrame (async)
Ticker._tick @ pixi.js:9301
requestAnimationFrame (async)
Ticker._tick @ pixi.js:9301
requestAnimationFrame (async)
Ticker._tick @ pixi.js:9301
requestAnimationFrame (async)
Ticker._tick @ pixi.js:9301
requestAnimationFrame (async)
Ticker._tick @ pixi.js:9301
requestAnimationFrame (async)
Ticker._tick @ pixi.js:9301
requestAnimationFrame (async)
Ticker._tick @ pixi.js:9301
requestAnimationFrame (async)
Ticker._tick @ pixi.js:9301
requestAnimationFrame (async)
Ticker._tick @ pixi.js:9301
requestAnimationFrame (async)
Ticker._tick @ pixi.js:9301
MoreBattleAnimations.js:32 No valid animation ID found for this action.
BattleManager.invokeAction @ MoreBattleAnimations.js:32
BattleManager.updateAction @ rmmz_managers.js:2758
BattleManager.updatePhase @ rmmz_managers.js:2358
BattleManager.update @ rmmz_managers.js:2342
Scene_Battle.updateBattleProcess @ rmmz_scenes.js:3090
Scene_Battle.update @ rmmz_scenes.js:3077
SceneManager.updateScene @ rmmz_managers.js:2103
SceneManager.updateMain @ rmmz_managers.js:2063
SceneManager.update @ rmmz_managers.js:1942
Graphics._onTick @ rmmz_core.js:811
TickerListener.emit @ pixi.js:9093
Ticker.update @ pixi.js:9548
Ticker._tick @ pixi.js:9298
requestAnimationFrame (async)
Ticker._tick @ pixi.js:9301
requestAnimationFrame (async)
Ticker._tick @ pixi.js:9301
requestAnimationFrame (async)
Ticker._tick @ pixi.js:9301
requestAnimationFrame (async)
Ticker._tick @ pixi.js:9301
requestAnimationFrame (async)
Ticker._tick @ pixi.js:9301
requestAnimationFrame (async)
Ticker._tick @ pixi.js:9301
requestAnimationFrame (async)
Ticker._tick @ pixi.js:9301
requestAnimationFrame (async)
Ticker._tick @ pixi.js:9301
requestAnimationFrame (async)
Ticker._tick @ pixi.js:9301
requestAnimationFrame (async)
Ticker._tick @ pixi.js:9301
requestAnimationFrame (async)
Ticker._tick @ pixi.js:9301
requestAnimationFrame (async)
Ticker._tick @ pixi.js:9301
requestAnimationFrame (async)
Ticker._tick @ pixi.js:9301
requestAnimationFrame (async)
Ticker._tick @ pixi.js:9301
requestAnimationFrame (async)
Ticker._tick @ pixi.js:9301
requestAnimationFrame (async)
Ticker._tick @ pixi.js:9301
requestAnimationFrame (async)
Ticker._tick @ pixi.js:9301
requestAnimationFrame (async)
Ticker._tick @ pixi.js:9301
requestAnimationFrame (async)
Ticker._tick @ pixi.js:9301
requestAnimationFrame (async)
Ticker._tick @ pixi.js:9301
requestAnimationFrame (async)
Ticker._tick @ pixi.js:9301
requestAnimationFrame (async)
Ticker._tick @ pixi.js:9301
requestAnimationFrame (async)
Ticker._tick @ pixi.js:9301
requestAnimationFrame (async)
Ticker._tick @ pixi.js:9301
requestAnimationFrame (async)
Ticker._tick @ pixi.js:9301
requestAnimationFrame (async)
Ticker._tick @ pixi.js:9301
requestAnimationFrame (async)
Ticker._tick @ pixi.js:9301
requestAnimationFrame (async)
Ticker._tick @ pixi.js:9301
requestAnimationFrame (async)
Ticker._tick @ pixi.js:9301
requestAnimationFrame (async)
Ticker._tick @ pixi.js:9301
requestAnimationFrame (async)
Ticker._tick @ pixi.js:9301
requestAnimationFrame (async)
Ticker._tick @ pixi.js:9301
